CRITICAL - 2023-10-18 08:17:10 --> The framework needs the following extension(s) installed and loaded: intl.
in SYSTEMPATH\CodeIgniter.php on line 246.
 1 SYSTEMPATH\CodeIgniter.php(246): CodeIgniter\Exceptions\FrameworkException::forMissingExtension('intl')
 2 SYSTEMPATH\CodeIgniter.php(210): CodeIgniter\CodeIgniter->resolvePlatformExtensions()
 3 FCPATH\index.php(67): CodeIgniter\CodeIgniter->initialize()
CRITICAL - 2023-10-18 06:35:55 --> syntax error, unexpected token ";", expecting "function" or "const"
in APPPATH\Config\Filters.php on line 62.
 1 SYSTEMPATH\Autoloader\Autoloader.php(285): CodeIgniter\Autoloader\Autoloader->includeFile('C:\\xampp\\htdocs\\CI4\\app\\Config\\Filters.php')
 2 SYSTEMPATH\Autoloader\Autoloader.php(263): CodeIgniter\Autoloader\Autoloader->loadInNamespace('Config\\Filters')
 3 [internal function]: CodeIgniter\Autoloader\Autoloader->loadClass('Config\\Filters')
 4 SYSTEMPATH\Config\Factories.php(277): class_exists('Config\\Filters')
 5 SYSTEMPATH\Config\Factories.php(196): CodeIgniter\Config\Factories::locateClass([...], 'Config\\Filters')
 6 SYSTEMPATH\Config\Factories.php(155): CodeIgniter\Config\Factories::getDefinedInstance([...], 'Config\\Filters', [])
 7 SYSTEMPATH\Common.php(217): CodeIgniter\Config\Factories::__callStatic('config', [])
 8 SYSTEMPATH\Config\Services.php(290): config('Config\\Filters')
 9 SYSTEMPATH\Config\BaseService.php(258): CodeIgniter\Config\Services::filters(null, false)
10 SYSTEMPATH\Config\BaseService.php(199): CodeIgniter\Config\BaseService::__callStatic('filters', [...])
11 SYSTEMPATH\Config\Services.php(287): CodeIgniter\Config\BaseService::getSharedInstance('filters', null)
12 SYSTEMPATH\Config\BaseService.php(258): CodeIgniter\Config\Services::filters()
13 SYSTEMPATH\CodeIgniter.php(448): CodeIgniter\Config\BaseService::__callStatic('filters', [])
14 SYSTEMPATH\CodeIgniter.php(353): CodeIgniter\CodeIgniter->handleRequest(null, Object(Config\Cache), false)
15 FCPATH\index.php(79): CodeIgniter\CodeIgniter->run()
CRITICAL - 2023-10-18 06:35:58 --> syntax error, unexpected token ";", expecting "function" or "const"
in APPPATH\Config\Filters.php on line 62.
 1 SYSTEMPATH\Autoloader\Autoloader.php(285): CodeIgniter\Autoloader\Autoloader->includeFile('C:\\xampp\\htdocs\\CI4\\app\\Config\\Filters.php')
 2 SYSTEMPATH\Autoloader\Autoloader.php(263): CodeIgniter\Autoloader\Autoloader->loadInNamespace('Config\\Filters')
 3 [internal function]: CodeIgniter\Autoloader\Autoloader->loadClass('Config\\Filters')
 4 SYSTEMPATH\Config\Factories.php(277): class_exists('Config\\Filters')
 5 SYSTEMPATH\Config\Factories.php(196): CodeIgniter\Config\Factories::locateClass([...], 'Config\\Filters')
 6 SYSTEMPATH\Config\Factories.php(155): CodeIgniter\Config\Factories::getDefinedInstance([...], 'Config\\Filters', [])
 7 SYSTEMPATH\Common.php(217): CodeIgniter\Config\Factories::__callStatic('config', [])
 8 SYSTEMPATH\Config\Services.php(290): config('Config\\Filters')
 9 SYSTEMPATH\Config\BaseService.php(258): CodeIgniter\Config\Services::filters(null, false)
10 SYSTEMPATH\Config\BaseService.php(199): CodeIgniter\Config\BaseService::__callStatic('filters', [...])
11 SYSTEMPATH\Config\Services.php(287): CodeIgniter\Config\BaseService::getSharedInstance('filters', null)
12 SYSTEMPATH\Config\BaseService.php(258): CodeIgniter\Config\Services::filters()
13 SYSTEMPATH\CodeIgniter.php(448): CodeIgniter\Config\BaseService::__callStatic('filters', [])
14 SYSTEMPATH\CodeIgniter.php(353): CodeIgniter\CodeIgniter->handleRequest(null, Object(Config\Cache), false)
15 FCPATH\index.php(79): CodeIgniter\CodeIgniter->run()
CRITICAL - 2023-10-18 06:35:59 --> syntax error, unexpected token ";", expecting "function" or "const"
in APPPATH\Config\Filters.php on line 62.
 1 SYSTEMPATH\Autoloader\Autoloader.php(285): CodeIgniter\Autoloader\Autoloader->includeFile('C:\\xampp\\htdocs\\CI4\\app\\Config\\Filters.php')
 2 SYSTEMPATH\Autoloader\Autoloader.php(263): CodeIgniter\Autoloader\Autoloader->loadInNamespace('Config\\Filters')
 3 [internal function]: CodeIgniter\Autoloader\Autoloader->loadClass('Config\\Filters')
 4 SYSTEMPATH\Config\Factories.php(277): class_exists('Config\\Filters')
 5 SYSTEMPATH\Config\Factories.php(196): CodeIgniter\Config\Factories::locateClass([...], 'Config\\Filters')
 6 SYSTEMPATH\Config\Factories.php(155): CodeIgniter\Config\Factories::getDefinedInstance([...], 'Config\\Filters', [])
 7 SYSTEMPATH\Common.php(217): CodeIgniter\Config\Factories::__callStatic('config', [])
 8 SYSTEMPATH\Config\Services.php(290): config('Config\\Filters')
 9 SYSTEMPATH\Config\BaseService.php(258): CodeIgniter\Config\Services::filters(null, false)
10 SYSTEMPATH\Config\BaseService.php(199): CodeIgniter\Config\BaseService::__callStatic('filters', [...])
11 SYSTEMPATH\Config\Services.php(287): CodeIgniter\Config\BaseService::getSharedInstance('filters', null)
12 SYSTEMPATH\Config\BaseService.php(258): CodeIgniter\Config\Services::filters()
13 SYSTEMPATH\CodeIgniter.php(448): CodeIgniter\Config\BaseService::__callStatic('filters', [])
14 SYSTEMPATH\CodeIgniter.php(353): CodeIgniter\CodeIgniter->handleRequest(null, Object(Config\Cache), false)
15 FCPATH\index.php(79): CodeIgniter\CodeIgniter->run()
CRITICAL - 2023-10-18 06:36:04 --> syntax error, unexpected token ";", expecting "function" or "const"
in APPPATH\Config\Filters.php on line 62.
 1 SYSTEMPATH\Autoloader\Autoloader.php(285): CodeIgniter\Autoloader\Autoloader->includeFile('C:\\xampp\\htdocs\\CI4\\app\\Config\\Filters.php')
 2 SYSTEMPATH\Autoloader\Autoloader.php(263): CodeIgniter\Autoloader\Autoloader->loadInNamespace('Config\\Filters')
 3 [internal function]: CodeIgniter\Autoloader\Autoloader->loadClass('Config\\Filters')
 4 SYSTEMPATH\Config\Factories.php(277): class_exists('Config\\Filters')
 5 SYSTEMPATH\Config\Factories.php(196): CodeIgniter\Config\Factories::locateClass([...], 'Config\\Filters')
 6 SYSTEMPATH\Config\Factories.php(155): CodeIgniter\Config\Factories::getDefinedInstance([...], 'Config\\Filters', [])
 7 SYSTEMPATH\Common.php(217): CodeIgniter\Config\Factories::__callStatic('config', [])
 8 SYSTEMPATH\Config\Services.php(290): config('Config\\Filters')
 9 SYSTEMPATH\Config\BaseService.php(258): CodeIgniter\Config\Services::filters(null, false)
10 SYSTEMPATH\Config\BaseService.php(199): CodeIgniter\Config\BaseService::__callStatic('filters', [...])
11 SYSTEMPATH\Config\Services.php(287): CodeIgniter\Config\BaseService::getSharedInstance('filters', null)
12 SYSTEMPATH\Config\BaseService.php(258): CodeIgniter\Config\Services::filters()
13 SYSTEMPATH\CodeIgniter.php(448): CodeIgniter\Config\BaseService::__callStatic('filters', [])
14 SYSTEMPATH\CodeIgniter.php(353): CodeIgniter\CodeIgniter->handleRequest(null, Object(Config\Cache), false)
15 FCPATH\index.php(79): CodeIgniter\CodeIgniter->run()
CRITICAL - 2023-10-18 06:36:23 --> syntax error, unexpected token ";", expecting "function" or "const"
in APPPATH\Config\Filters.php on line 62.
 1 SYSTEMPATH\Autoloader\Autoloader.php(285): CodeIgniter\Autoloader\Autoloader->includeFile('C:\\xampp\\htdocs\\CI4\\app\\Config\\Filters.php')
 2 SYSTEMPATH\Autoloader\Autoloader.php(263): CodeIgniter\Autoloader\Autoloader->loadInNamespace('Config\\Filters')
 3 [internal function]: CodeIgniter\Autoloader\Autoloader->loadClass('Config\\Filters')
 4 SYSTEMPATH\Config\Factories.php(277): class_exists('Config\\Filters')
 5 SYSTEMPATH\Config\Factories.php(196): CodeIgniter\Config\Factories::locateClass([...], 'Config\\Filters')
 6 SYSTEMPATH\Config\Factories.php(155): CodeIgniter\Config\Factories::getDefinedInstance([...], 'Config\\Filters', [])
 7 SYSTEMPATH\Common.php(217): CodeIgniter\Config\Factories::__callStatic('config', [])
 8 SYSTEMPATH\Config\Services.php(290): config('Config\\Filters')
 9 SYSTEMPATH\Config\BaseService.php(258): CodeIgniter\Config\Services::filters(null, false)
10 SYSTEMPATH\Config\BaseService.php(199): CodeIgniter\Config\BaseService::__callStatic('filters', [...])
11 SYSTEMPATH\Config\Services.php(287): CodeIgniter\Config\BaseService::getSharedInstance('filters', null)
12 SYSTEMPATH\Config\BaseService.php(258): CodeIgniter\Config\Services::filters()
13 SYSTEMPATH\CodeIgniter.php(448): CodeIgniter\Config\BaseService::__callStatic('filters', [])
14 SYSTEMPATH\CodeIgniter.php(353): CodeIgniter\CodeIgniter->handleRequest(null, Object(Config\Cache), false)
15 FCPATH\index.php(79): CodeIgniter\CodeIgniter->run()
CRITICAL - 2023-10-18 06:36:23 --> syntax error, unexpected token ";", expecting "function" or "const"
in APPPATH\Config\Filters.php on line 62.
 1 SYSTEMPATH\Autoloader\Autoloader.php(285): CodeIgniter\Autoloader\Autoloader->includeFile('C:\\xampp\\htdocs\\CI4\\app\\Config\\Filters.php')
 2 SYSTEMPATH\Autoloader\Autoloader.php(263): CodeIgniter\Autoloader\Autoloader->loadInNamespace('Config\\Filters')
 3 [internal function]: CodeIgniter\Autoloader\Autoloader->loadClass('Config\\Filters')
 4 SYSTEMPATH\Config\Factories.php(277): class_exists('Config\\Filters')
 5 SYSTEMPATH\Config\Factories.php(196): CodeIgniter\Config\Factories::locateClass([...], 'Config\\Filters')
 6 SYSTEMPATH\Config\Factories.php(155): CodeIgniter\Config\Factories::getDefinedInstance([...], 'Config\\Filters', [])
 7 SYSTEMPATH\Common.php(217): CodeIgniter\Config\Factories::__callStatic('config', [])
 8 SYSTEMPATH\Config\Services.php(290): config('Config\\Filters')
 9 SYSTEMPATH\Config\BaseService.php(258): CodeIgniter\Config\Services::filters(null, false)
10 SYSTEMPATH\Config\BaseService.php(199): CodeIgniter\Config\BaseService::__callStatic('filters', [...])
11 SYSTEMPATH\Config\Services.php(287): CodeIgniter\Config\BaseService::getSharedInstance('filters', null)
12 SYSTEMPATH\Config\BaseService.php(258): CodeIgniter\Config\Services::filters()
13 SYSTEMPATH\CodeIgniter.php(448): CodeIgniter\Config\BaseService::__callStatic('filters', [])
14 SYSTEMPATH\CodeIgniter.php(353): CodeIgniter\CodeIgniter->handleRequest(null, Object(Config\Cache), false)
15 FCPATH\index.php(79): CodeIgniter\CodeIgniter->run()
CRITICAL - 2023-10-18 06:36:24 --> syntax error, unexpected token ";", expecting "function" or "const"
in APPPATH\Config\Filters.php on line 62.
 1 SYSTEMPATH\Autoloader\Autoloader.php(285): CodeIgniter\Autoloader\Autoloader->includeFile('C:\\xampp\\htdocs\\CI4\\app\\Config\\Filters.php')
 2 SYSTEMPATH\Autoloader\Autoloader.php(263): CodeIgniter\Autoloader\Autoloader->loadInNamespace('Config\\Filters')
 3 [internal function]: CodeIgniter\Autoloader\Autoloader->loadClass('Config\\Filters')
 4 SYSTEMPATH\Config\Factories.php(277): class_exists('Config\\Filters')
 5 SYSTEMPATH\Config\Factories.php(196): CodeIgniter\Config\Factories::locateClass([...], 'Config\\Filters')
 6 SYSTEMPATH\Config\Factories.php(155): CodeIgniter\Config\Factories::getDefinedInstance([...], 'Config\\Filters', [])
 7 SYSTEMPATH\Common.php(217): CodeIgniter\Config\Factories::__callStatic('config', [])
 8 SYSTEMPATH\Config\Services.php(290): config('Config\\Filters')
 9 SYSTEMPATH\Config\BaseService.php(258): CodeIgniter\Config\Services::filters(null, false)
10 SYSTEMPATH\Config\BaseService.php(199): CodeIgniter\Config\BaseService::__callStatic('filters', [...])
11 SYSTEMPATH\Config\Services.php(287): CodeIgniter\Config\BaseService::getSharedInstance('filters', null)
12 SYSTEMPATH\Config\BaseService.php(258): CodeIgniter\Config\Services::filters()
13 SYSTEMPATH\CodeIgniter.php(448): CodeIgniter\Config\BaseService::__callStatic('filters', [])
14 SYSTEMPATH\CodeIgniter.php(353): CodeIgniter\CodeIgniter->handleRequest(null, Object(Config\Cache), false)
15 FCPATH\index.php(79): CodeIgniter\CodeIgniter->run()
CRITICAL - 2023-10-18 06:36:24 --> syntax error, unexpected token ";", expecting "function" or "const"
in APPPATH\Config\Filters.php on line 62.
 1 SYSTEMPATH\Autoloader\Autoloader.php(285): CodeIgniter\Autoloader\Autoloader->includeFile('C:\\xampp\\htdocs\\CI4\\app\\Config\\Filters.php')
 2 SYSTEMPATH\Autoloader\Autoloader.php(263): CodeIgniter\Autoloader\Autoloader->loadInNamespace('Config\\Filters')
 3 [internal function]: CodeIgniter\Autoloader\Autoloader->loadClass('Config\\Filters')
 4 SYSTEMPATH\Config\Factories.php(277): class_exists('Config\\Filters')
 5 SYSTEMPATH\Config\Factories.php(196): CodeIgniter\Config\Factories::locateClass([...], 'Config\\Filters')
 6 SYSTEMPATH\Config\Factories.php(155): CodeIgniter\Config\Factories::getDefinedInstance([...], 'Config\\Filters', [])
 7 SYSTEMPATH\Common.php(217): CodeIgniter\Config\Factories::__callStatic('config', [])
 8 SYSTEMPATH\Config\Services.php(290): config('Config\\Filters')
 9 SYSTEMPATH\Config\BaseService.php(258): CodeIgniter\Config\Services::filters(null, false)
10 SYSTEMPATH\Config\BaseService.php(199): CodeIgniter\Config\BaseService::__callStatic('filters', [...])
11 SYSTEMPATH\Config\Services.php(287): CodeIgniter\Config\BaseService::getSharedInstance('filters', null)
12 SYSTEMPATH\Config\BaseService.php(258): CodeIgniter\Config\Services::filters()
13 SYSTEMPATH\CodeIgniter.php(448): CodeIgniter\Config\BaseService::__callStatic('filters', [])
14 SYSTEMPATH\CodeIgniter.php(353): CodeIgniter\CodeIgniter->handleRequest(null, Object(Config\Cache), false)
15 FCPATH\index.php(79): CodeIgniter\CodeIgniter->run()
CRITICAL - 2023-10-18 06:41:38 --> syntax error, unexpected token ";", expecting "function" or "const"
in APPPATH\Config\Filters.php on line 62.
 1 SYSTEMPATH\Autoloader\Autoloader.php(285): CodeIgniter\Autoloader\Autoloader->includeFile('C:\\xampp\\htdocs\\CI4\\app\\Config\\Filters.php')
 2 SYSTEMPATH\Autoloader\Autoloader.php(263): CodeIgniter\Autoloader\Autoloader->loadInNamespace('Config\\Filters')
 3 [internal function]: CodeIgniter\Autoloader\Autoloader->loadClass('Config\\Filters')
 4 SYSTEMPATH\Config\Factories.php(277): class_exists('Config\\Filters')
 5 SYSTEMPATH\Config\Factories.php(196): CodeIgniter\Config\Factories::locateClass([...], 'Config\\Filters')
 6 SYSTEMPATH\Config\Factories.php(155): CodeIgniter\Config\Factories::getDefinedInstance([...], 'Config\\Filters', [])
 7 SYSTEMPATH\Common.php(217): CodeIgniter\Config\Factories::__callStatic('config', [])
 8 SYSTEMPATH\Config\Services.php(290): config('Config\\Filters')
 9 SYSTEMPATH\Config\BaseService.php(258): CodeIgniter\Config\Services::filters(null, false)
10 SYSTEMPATH\Config\BaseService.php(199): CodeIgniter\Config\BaseService::__callStatic('filters', [...])
11 SYSTEMPATH\Config\Services.php(287): CodeIgniter\Config\BaseService::getSharedInstance('filters', null)
12 SYSTEMPATH\Config\BaseService.php(258): CodeIgniter\Config\Services::filters()
13 SYSTEMPATH\CodeIgniter.php(448): CodeIgniter\Config\BaseService::__callStatic('filters', [])
14 SYSTEMPATH\CodeIgniter.php(353): CodeIgniter\CodeIgniter->handleRequest(null, Object(Config\Cache), false)
15 FCPATH\index.php(79): CodeIgniter\CodeIgniter->run()
CRITICAL - 2023-10-18 06:43:46 --> syntax error, unexpected token ";", expecting "function" or "const"
in APPPATH\Config\Filters.php on line 62.
 1 SYSTEMPATH\Autoloader\Autoloader.php(285): CodeIgniter\Autoloader\Autoloader->includeFile('C:\\xampp\\htdocs\\CI4\\app\\Config\\Filters.php')
 2 SYSTEMPATH\Autoloader\Autoloader.php(263): CodeIgniter\Autoloader\Autoloader->loadInNamespace('Config\\Filters')
 3 [internal function]: CodeIgniter\Autoloader\Autoloader->loadClass('Config\\Filters')
 4 SYSTEMPATH\Config\Factories.php(277): class_exists('Config\\Filters')
 5 SYSTEMPATH\Config\Factories.php(196): CodeIgniter\Config\Factories::locateClass([...], 'Config\\Filters')
 6 SYSTEMPATH\Config\Factories.php(155): CodeIgniter\Config\Factories::getDefinedInstance([...], 'Config\\Filters', [])
 7 SYSTEMPATH\Common.php(217): CodeIgniter\Config\Factories::__callStatic('config', [])
 8 SYSTEMPATH\Config\Services.php(290): config('Config\\Filters')
 9 SYSTEMPATH\Config\BaseService.php(258): CodeIgniter\Config\Services::filters(null, false)
10 SYSTEMPATH\Config\BaseService.php(199): CodeIgniter\Config\BaseService::__callStatic('filters', [...])
11 SYSTEMPATH\Config\Services.php(287): CodeIgniter\Config\BaseService::getSharedInstance('filters', null)
12 SYSTEMPATH\Config\BaseService.php(258): CodeIgniter\Config\Services::filters()
13 SYSTEMPATH\CodeIgniter.php(448): CodeIgniter\Config\BaseService::__callStatic('filters', [])
14 SYSTEMPATH\CodeIgniter.php(353): CodeIgniter\CodeIgniter->handleRequest(null, Object(Config\Cache), false)
15 FCPATH\index.php(79): CodeIgniter\CodeIgniter->run()
CRITICAL - 2023-10-18 06:43:48 --> syntax error, unexpected token ";", expecting "function" or "const"
in APPPATH\Config\Filters.php on line 62.
 1 SYSTEMPATH\Autoloader\Autoloader.php(285): CodeIgniter\Autoloader\Autoloader->includeFile('C:\\xampp\\htdocs\\CI4\\app\\Config\\Filters.php')
 2 SYSTEMPATH\Autoloader\Autoloader.php(263): CodeIgniter\Autoloader\Autoloader->loadInNamespace('Config\\Filters')
 3 [internal function]: CodeIgniter\Autoloader\Autoloader->loadClass('Config\\Filters')
 4 SYSTEMPATH\Config\Factories.php(277): class_exists('Config\\Filters')
 5 SYSTEMPATH\Config\Factories.php(196): CodeIgniter\Config\Factories::locateClass([...], 'Config\\Filters')
 6 SYSTEMPATH\Config\Factories.php(155): CodeIgniter\Config\Factories::getDefinedInstance([...], 'Config\\Filters', [])
 7 SYSTEMPATH\Common.php(217): CodeIgniter\Config\Factories::__callStatic('config', [])
 8 SYSTEMPATH\Config\Services.php(290): config('Config\\Filters')
 9 SYSTEMPATH\Config\BaseService.php(258): CodeIgniter\Config\Services::filters(null, false)
10 SYSTEMPATH\Config\BaseService.php(199): CodeIgniter\Config\BaseService::__callStatic('filters', [...])
11 SYSTEMPATH\Config\Services.php(287): CodeIgniter\Config\BaseService::getSharedInstance('filters', null)
12 SYSTEMPATH\Config\BaseService.php(258): CodeIgniter\Config\Services::filters()
13 SYSTEMPATH\CodeIgniter.php(448): CodeIgniter\Config\BaseService::__callStatic('filters', [])
14 SYSTEMPATH\CodeIgniter.php(353): CodeIgniter\CodeIgniter->handleRequest(null, Object(Config\Cache), false)
15 FCPATH\index.php(79): CodeIgniter\CodeIgniter->run()
CRITICAL - 2023-10-18 06:43:48 --> syntax error, unexpected token ";", expecting "function" or "const"
in APPPATH\Config\Filters.php on line 62.
 1 SYSTEMPATH\Autoloader\Autoloader.php(285): CodeIgniter\Autoloader\Autoloader->includeFile('C:\\xampp\\htdocs\\CI4\\app\\Config\\Filters.php')
 2 SYSTEMPATH\Autoloader\Autoloader.php(263): CodeIgniter\Autoloader\Autoloader->loadInNamespace('Config\\Filters')
 3 [internal function]: CodeIgniter\Autoloader\Autoloader->loadClass('Config\\Filters')
 4 SYSTEMPATH\Config\Factories.php(277): class_exists('Config\\Filters')
 5 SYSTEMPATH\Config\Factories.php(196): CodeIgniter\Config\Factories::locateClass([...], 'Config\\Filters')
 6 SYSTEMPATH\Config\Factories.php(155): CodeIgniter\Config\Factories::getDefinedInstance([...], 'Config\\Filters', [])
 7 SYSTEMPATH\Common.php(217): CodeIgniter\Config\Factories::__callStatic('config', [])
 8 SYSTEMPATH\Config\Services.php(290): config('Config\\Filters')
 9 SYSTEMPATH\Config\BaseService.php(258): CodeIgniter\Config\Services::filters(null, false)
10 SYSTEMPATH\Config\BaseService.php(199): CodeIgniter\Config\BaseService::__callStatic('filters', [...])
11 SYSTEMPATH\Config\Services.php(287): CodeIgniter\Config\BaseService::getSharedInstance('filters', null)
12 SYSTEMPATH\Config\BaseService.php(258): CodeIgniter\Config\Services::filters()
13 SYSTEMPATH\CodeIgniter.php(448): CodeIgniter\Config\BaseService::__callStatic('filters', [])
14 SYSTEMPATH\CodeIgniter.php(353): CodeIgniter\CodeIgniter->handleRequest(null, Object(Config\Cache), false)
15 FCPATH\index.php(79): CodeIgniter\CodeIgniter->run()
CRITICAL - 2023-10-18 06:43:48 --> syntax error, unexpected token ";", expecting "function" or "const"
in APPPATH\Config\Filters.php on line 62.
 1 SYSTEMPATH\Autoloader\Autoloader.php(285): CodeIgniter\Autoloader\Autoloader->includeFile('C:\\xampp\\htdocs\\CI4\\app\\Config\\Filters.php')
 2 SYSTEMPATH\Autoloader\Autoloader.php(263): CodeIgniter\Autoloader\Autoloader->loadInNamespace('Config\\Filters')
 3 [internal function]: CodeIgniter\Autoloader\Autoloader->loadClass('Config\\Filters')
 4 SYSTEMPATH\Config\Factories.php(277): class_exists('Config\\Filters')
 5 SYSTEMPATH\Config\Factories.php(196): CodeIgniter\Config\Factories::locateClass([...], 'Config\\Filters')
 6 SYSTEMPATH\Config\Factories.php(155): CodeIgniter\Config\Factories::getDefinedInstance([...], 'Config\\Filters', [])
 7 SYSTEMPATH\Common.php(217): CodeIgniter\Config\Factories::__callStatic('config', [])
 8 SYSTEMPATH\Config\Services.php(290): config('Config\\Filters')
 9 SYSTEMPATH\Config\BaseService.php(258): CodeIgniter\Config\Services::filters(null, false)
10 SYSTEMPATH\Config\BaseService.php(199): CodeIgniter\Config\BaseService::__callStatic('filters', [...])
11 SYSTEMPATH\Config\Services.php(287): CodeIgniter\Config\BaseService::getSharedInstance('filters', null)
12 SYSTEMPATH\Config\BaseService.php(258): CodeIgniter\Config\Services::filters()
13 SYSTEMPATH\CodeIgniter.php(448): CodeIgniter\Config\BaseService::__callStatic('filters', [])
14 SYSTEMPATH\CodeIgniter.php(353): CodeIgniter\CodeIgniter->handleRequest(null, Object(Config\Cache), false)
15 FCPATH\index.php(79): CodeIgniter\CodeIgniter->run()
CRITICAL - 2023-10-18 07:06:15 --> Trying to access array offset on value of type null
in APPPATH\Controllers\News.php on line 29.
 1 APPPATH\Controllers\News.php(29): CodeIgniter\Debug\Exceptions->errorHandler(2, 'Trying to access array offset on value of type null', 'C:\\xampp\\htdocs\\CI4\\app\\Controllers\\News.php', 29)
 2 SYSTEMPATH\CodeIgniter.php(919): App\Controllers\News->show('news')
 3 SYSTEMPATH\CodeIgniter.php(494): CodeIgniter\CodeIgniter->runController(Object(App\Controllers\News))
 4 SYSTEMPATH\CodeIgniter.php(353): CodeIgniter\CodeIgniter->handleRequest(null, Object(Config\Cache), false)
 5 FCPATH\index.php(79): CodeIgniter\CodeIgniter->run()
CRITICAL - 2023-10-18 07:07:32 --> Trying to access array offset on value of type null
in APPPATH\Controllers\News.php on line 29.
 1 APPPATH\Controllers\News.php(29): CodeIgniter\Debug\Exceptions->errorHandler(2, 'Trying to access array offset on value of type null', 'C:\\xampp\\htdocs\\CI4\\app\\Controllers\\News.php', 29)
 2 SYSTEMPATH\CodeIgniter.php(919): App\Controllers\News->show('news')
 3 SYSTEMPATH\CodeIgniter.php(494): CodeIgniter\CodeIgniter->runController(Object(App\Controllers\News))
 4 SYSTEMPATH\CodeIgniter.php(353): CodeIgniter\CodeIgniter->handleRequest(null, Object(Config\Cache), false)
 5 FCPATH\index.php(79): CodeIgniter\CodeIgniter->run()
CRITICAL - 2023-10-18 07:07:35 --> Trying to access array offset on value of type null
in APPPATH\Controllers\News.php on line 29.
 1 APPPATH\Controllers\News.php(29): CodeIgniter\Debug\Exceptions->errorHandler(2, 'Trying to access array offset on value of type null', 'C:\\xampp\\htdocs\\CI4\\app\\Controllers\\News.php', 29)
 2 SYSTEMPATH\CodeIgniter.php(919): App\Controllers\News->show('news')
 3 SYSTEMPATH\CodeIgniter.php(494): CodeIgniter\CodeIgniter->runController(Object(App\Controllers\News))
 4 SYSTEMPATH\CodeIgniter.php(353): CodeIgniter\CodeIgniter->handleRequest(null, Object(Config\Cache), false)
 5 FCPATH\index.php(79): CodeIgniter\CodeIgniter->run()
INFO - 2023-10-18 07:07:45 --> Session: Class initialized using 'CodeIgniter\Session\Handlers\FileHandler' driver.
INFO - 2023-10-18 07:08:48 --> Session: Class initialized using 'CodeIgniter\Session\Handlers\FileHandler' driver.
INFO - 2023-10-18 07:08:51 --> Session: Class initialized using 'CodeIgniter\Session\Handlers\FileHandler' driver.
INFO - 2023-10-18 07:09:12 --> Session: Class initialized using 'CodeIgniter\Session\Handlers\FileHandler' driver.
INFO - 2023-10-18 07:23:12 --> Session: Class initialized using 'CodeIgniter\Session\Handlers\FileHandler' driver.
INFO - 2023-10-18 07:23:31 --> Session: Class initialized using 'CodeIgniter\Session\Handlers\FileHandler' driver.
INFO - 2023-10-18 07:24:16 --> Session: Class initialized using 'CodeIgniter\Session\Handlers\FileHandler' driver.
INFO - 2023-10-18 07:25:16 --> Session: Class initialized using 'CodeIgniter\Session\Handlers\FileHandler' driver.
INFO - 2023-10-18 07:25:48 --> Session: Class initialized using 'CodeIgniter\Session\Handlers\FileHandler' driver.
INFO - 2023-10-18 07:25:52 --> Session: Class initialized using 'CodeIgniter\Session\Handlers\FileHandler' driver.
INFO - 2023-10-18 07:26:44 --> Session: Class initialized using 'CodeIgniter\Session\Handlers\FileHandler' driver.
INFO - 2023-10-18 07:26:46 --> Session: Class initialized using 'CodeIgniter\Session\Handlers\FileHandler' driver.
INFO - 2023-10-18 07:26:52 --> Session: Class initialized using 'CodeIgniter\Session\Handlers\FileHandler' driver.
INFO - 2023-10-18 07:26:59 --> Session: Class initialized using 'CodeIgniter\Session\Handlers\FileHandler' driver.
INFO - 2023-10-18 07:27:20 --> Session: Class initialized using 'CodeIgniter\Session\Handlers\FileHandler' driver.
INFO - 2023-10-18 07:27:22 --> Session: Class initialized using 'CodeIgniter\Session\Handlers\FileHandler' driver.
INFO - 2023-10-18 07:29:19 --> Session: Class initialized using 'CodeIgniter\Session\Handlers\FileHandler' driver.
INFO - 2023-10-18 07:29:28 --> Session: Class initialized using 'CodeIgniter\Session\Handlers\FileHandler' driver.
INFO - 2023-10-18 07:29:39 --> Session: Class initialized using 'CodeIgniter\Session\Handlers\FileHandler' driver.
INFO - 2023-10-18 07:29:49 --> Session: Class initialized using 'CodeIgniter\Session\Handlers\FileHandler' driver.
INFO - 2023-10-18 07:30:22 --> Session: Class initialized using 'CodeIgniter\Session\Handlers\FileHandler' driver.
INFO - 2023-10-18 07:40:59 --> Session: Class initialized using 'CodeIgniter\Session\Handlers\FileHandler' driver.
INFO - 2023-10-18 07:46:03 --> Session: Class initialized using 'CodeIgniter\Session\Handlers\FileHandler' driver.
INFO - 2023-10-18 07:46:16 --> Session: Class initialized using 'CodeIgniter\Session\Handlers\FileHandler' driver.
INFO - 2023-10-18 07:46:58 --> Session: Class initialized using 'CodeIgniter\Session\Handlers\FileHandler' driver.
INFO - 2023-10-18 07:46:59 --> Session: Class initialized using 'CodeIgniter\Session\Handlers\FileHandler' driver.
INFO - 2023-10-18 07:46:59 --> Session: Class initialized using 'CodeIgniter\Session\Handlers\FileHandler' driver.
INFO - 2023-10-18 07:46:59 --> Session: Class initialized using 'CodeIgniter\Session\Handlers\FileHandler' driver.
INFO - 2023-10-18 07:47:07 --> CSRF token verified.
CRITICAL - 2023-10-18 07:47:07 --> Allowed fields must be specified for model: "App\Models\NewsModel"
in SYSTEMPATH\Model.php on line 736.
 1 SYSTEMPATH\Model.php(736): CodeIgniter\Database\Exceptions\DataException::forInvalidAllowedFields('App\\Models\\NewsModel')
 2 SYSTEMPATH\BaseModel.php(763): CodeIgniter\Model->doProtectFieldsForInsert([...])
 3 SYSTEMPATH\Model.php(715): CodeIgniter\BaseModel->insert([...], false)
 4 SYSTEMPATH\BaseModel.php(698): CodeIgniter\Model->insert([...], false)
 5 APPPATH\Controllers\News.php(63): CodeIgniter\BaseModel->save([...])
 6 SYSTEMPATH\CodeIgniter.php(919): App\Controllers\News->create()
 7 SYSTEMPATH\CodeIgniter.php(494): CodeIgniter\CodeIgniter->runController(Object(App\Controllers\News))
 8 SYSTEMPATH\CodeIgniter.php(353): CodeIgniter\CodeIgniter->handleRequest(null, Object(Config\Cache), false)
 9 FCPATH\index.php(79): CodeIgniter\CodeIgniter->run()
INFO - 2023-10-18 07:48:37 --> CSRF token verified.
CRITICAL - 2023-10-18 07:48:37 --> syntax error, unexpected variable "$model", expecting "function" or "const"
in APPPATH\Controllers\News.php on line 10.
 1 SYSTEMPATH\Autoloader\Autoloader.php(285): CodeIgniter\Autoloader\Autoloader->includeFile('C:\\xampp\\htdocs\\CI4\\app\\Controllers\\News.php')
 2 SYSTEMPATH\Autoloader\Autoloader.php(263): CodeIgniter\Autoloader\Autoloader->loadInNamespace('App\\Controllers\\News')
 3 [internal function]: CodeIgniter\Autoloader\Autoloader->loadClass('App\\Controllers\\News')
 4 SYSTEMPATH\CodeIgniter.php(877): class_exists('\\App\\Controllers\\News', true)
 5 SYSTEMPATH\CodeIgniter.php(481): CodeIgniter\CodeIgniter->startController()
 6 SYSTEMPATH\CodeIgniter.php(353): CodeIgniter\CodeIgniter->handleRequest(null, Object(Config\Cache), false)
 7 FCPATH\index.php(79): CodeIgniter\CodeIgniter->run()
INFO - 2023-10-18 07:49:04 --> CSRF token verified.
CRITICAL - 2023-10-18 07:49:04 --> Constant expression contains invalid operations
in APPPATH\Controllers\News.php on line 10.
 1 [internal function]: CodeIgniter\Debug\Exceptions->shutdownHandler()
INFO - 2023-10-18 07:52:02 --> CSRF token verified.
CRITICAL - 2023-10-18 07:52:02 --> syntax error, unexpected token "public", expecting end of file
in APPPATH\Controllers\News.php on line 7.
 1 SYSTEMPATH\Autoloader\Autoloader.php(285): CodeIgniter\Autoloader\Autoloader->includeFile('C:\\xampp\\htdocs\\CI4\\app\\Controllers\\News.php')
 2 SYSTEMPATH\Autoloader\Autoloader.php(263): CodeIgniter\Autoloader\Autoloader->loadInNamespace('App\\Controllers\\News')
 3 [internal function]: CodeIgniter\Autoloader\Autoloader->loadClass('App\\Controllers\\News')
 4 SYSTEMPATH\CodeIgniter.php(877): class_exists('\\App\\Controllers\\News', true)
 5 SYSTEMPATH\CodeIgniter.php(481): CodeIgniter\CodeIgniter->startController()
 6 SYSTEMPATH\CodeIgniter.php(353): CodeIgniter\CodeIgniter->handleRequest(null, Object(Config\Cache), false)
 7 FCPATH\index.php(79): CodeIgniter\CodeIgniter->run()
INFO - 2023-10-18 07:52:37 --> CSRF token verified.
CRITICAL - 2023-10-18 07:52:37 --> Allowed fields must be specified for model: "App\Models\NewsModel"
in SYSTEMPATH\Model.php on line 736.
 1 SYSTEMPATH\Model.php(736): CodeIgniter\Database\Exceptions\DataException::forInvalidAllowedFields('App\\Models\\NewsModel')
 2 SYSTEMPATH\BaseModel.php(763): CodeIgniter\Model->doProtectFieldsForInsert([...])
 3 SYSTEMPATH\Model.php(715): CodeIgniter\BaseModel->insert([...], false)
 4 SYSTEMPATH\BaseModel.php(698): CodeIgniter\Model->insert([...], false)
 5 APPPATH\Controllers\News.php(62): CodeIgniter\BaseModel->save([...])
 6 SYSTEMPATH\CodeIgniter.php(919): App\Controllers\News->create()
 7 SYSTEMPATH\CodeIgniter.php(494): CodeIgniter\CodeIgniter->runController(Object(App\Controllers\News))
 8 SYSTEMPATH\CodeIgniter.php(353): CodeIgniter\CodeIgniter->handleRequest(null, Object(Config\Cache), false)
 9 FCPATH\index.php(79): CodeIgniter\CodeIgniter->run()
INFO - 2023-10-18 07:55:31 --> CSRF token verified.
CRITICAL - 2023-10-18 07:55:31 --> Allowed fields must be specified for model: "App\Models\NewsModel"
in SYSTEMPATH\Model.php on line 736.
 1 SYSTEMPATH\Model.php(736): CodeIgniter\Database\Exceptions\DataException::forInvalidAllowedFields('App\\Models\\NewsModel')
 2 SYSTEMPATH\BaseModel.php(763): CodeIgniter\Model->doProtectFieldsForInsert([...])
 3 SYSTEMPATH\Model.php(715): CodeIgniter\BaseModel->insert([...], false)
 4 SYSTEMPATH\BaseModel.php(698): CodeIgniter\Model->insert([...], false)
 5 APPPATH\Controllers\News.php(63): CodeIgniter\BaseModel->save([...])
 6 SYSTEMPATH\CodeIgniter.php(919): App\Controllers\News->create()
 7 SYSTEMPATH\CodeIgniter.php(494): CodeIgniter\CodeIgniter->runController(Object(App\Controllers\News))
 8 SYSTEMPATH\CodeIgniter.php(353): CodeIgniter\CodeIgniter->handleRequest(null, Object(Config\Cache), false)
 9 FCPATH\index.php(79): CodeIgniter\CodeIgniter->run()
INFO - 2023-10-18 07:58:10 --> Session: Class initialized using 'CodeIgniter\Session\Handlers\FileHandler' driver.
CRITICAL - 2023-10-18 07:58:10 --> Trying to access array offset on value of type null
in APPPATH\Controllers\News.php on line 29.
 1 APPPATH\Controllers\News.php(29): CodeIgniter\Debug\Exceptions->errorHandler(2, 'Trying to access array offset on value of type null', 'C:\\xampp\\htdocs\\CI4\\app\\Controllers\\News.php', 29)
 2 SYSTEMPATH\CodeIgniter.php(919): App\Controllers\News->show('news')
 3 SYSTEMPATH\CodeIgniter.php(494): CodeIgniter\CodeIgniter->runController(Object(App\Controllers\News))
 4 SYSTEMPATH\CodeIgniter.php(353): CodeIgniter\CodeIgniter->handleRequest(null, Object(Config\Cache), false)
 5 FCPATH\index.php(79): CodeIgniter\CodeIgniter->run()
CRITICAL - 2023-10-18 07:58:17 --> Trying to access array offset on value of type null
in APPPATH\Controllers\News.php on line 29.
 1 APPPATH\Controllers\News.php(29): CodeIgniter\Debug\Exceptions->errorHandler(2, 'Trying to access array offset on value of type null', 'C:\\xampp\\htdocs\\CI4\\app\\Controllers\\News.php', 29)
 2 SYSTEMPATH\CodeIgniter.php(919): App\Controllers\News->show('news')
 3 SYSTEMPATH\CodeIgniter.php(494): CodeIgniter\CodeIgniter->runController(Object(App\Controllers\News))
 4 SYSTEMPATH\CodeIgniter.php(353): CodeIgniter\CodeIgniter->handleRequest(null, Object(Config\Cache), false)
 5 FCPATH\index.php(79): CodeIgniter\CodeIgniter->run()
CRITICAL - 2023-10-18 07:58:19 --> Trying to access array offset on value of type null
in APPPATH\Controllers\News.php on line 29.
 1 APPPATH\Controllers\News.php(29): CodeIgniter\Debug\Exceptions->errorHandler(2, 'Trying to access array offset on value of type null', 'C:\\xampp\\htdocs\\CI4\\app\\Controllers\\News.php', 29)
 2 SYSTEMPATH\CodeIgniter.php(919): App\Controllers\News->show('news')
 3 SYSTEMPATH\CodeIgniter.php(494): CodeIgniter\CodeIgniter->runController(Object(App\Controllers\News))
 4 SYSTEMPATH\CodeIgniter.php(353): CodeIgniter\CodeIgniter->handleRequest(null, Object(Config\Cache), false)
 5 FCPATH\index.php(79): CodeIgniter\CodeIgniter->run()
INFO - 2023-10-18 07:58:26 --> Session: Class initialized using 'CodeIgniter\Session\Handlers\FileHandler' driver.
INFO - 2023-10-18 07:58:39 --> CSRF token verified.
CRITICAL - 2023-10-18 07:58:39 --> Allowed fields must be specified for model: "App\Models\NewsModel"
in SYSTEMPATH\Model.php on line 736.
 1 SYSTEMPATH\Model.php(736): CodeIgniter\Database\Exceptions\DataException::forInvalidAllowedFields('App\\Models\\NewsModel')
 2 SYSTEMPATH\BaseModel.php(763): CodeIgniter\Model->doProtectFieldsForInsert([...])
 3 SYSTEMPATH\Model.php(715): CodeIgniter\BaseModel->insert([...], false)
 4 SYSTEMPATH\BaseModel.php(698): CodeIgniter\Model->insert([...], false)
 5 APPPATH\Controllers\News.php(63): CodeIgniter\BaseModel->save([...])
 6 SYSTEMPATH\CodeIgniter.php(919): App\Controllers\News->create()
 7 SYSTEMPATH\CodeIgniter.php(494): CodeIgniter\CodeIgniter->runController(Object(App\Controllers\News))
 8 SYSTEMPATH\CodeIgniter.php(353): CodeIgniter\CodeIgniter->handleRequest(null, Object(Config\Cache), false)
 9 FCPATH\index.php(79): CodeIgniter\CodeIgniter->run()
INFO - 2023-10-18 08:18:18 --> Session: Class initialized using 'CodeIgniter\Session\Handlers\FileHandler' driver.
INFO - 2023-10-18 08:18:27 --> CSRF token verified.
CRITICAL - 2023-10-18 08:34:34 --> The action you requested is not allowed.
in SYSTEMPATH\Security\Security.php on line 298.
 1 SYSTEMPATH\Security\Security.php(298): CodeIgniter\Security\Exceptions\SecurityException::forDisallowedAction()
 2 SYSTEMPATH\Filters\CSRF.php(55): CodeIgniter\Security\Security->verify(Object(CodeIgniter\HTTP\IncomingRequest))
 3 SYSTEMPATH\Filters\Filters.php(182): CodeIgniter\Filters\CSRF->before(Object(CodeIgniter\HTTP\IncomingRequest), null)
 4 SYSTEMPATH\CodeIgniter.php(466): CodeIgniter\Filters\Filters->run('news', 'before')
 5 SYSTEMPATH\CodeIgniter.php(353): CodeIgniter\CodeIgniter->handleRequest(null, Object(Config\Cache), false)
 6 FCPATH\index.php(79): CodeIgniter\CodeIgniter->run()
INFO - 2023-10-18 08:52:03 --> Session: Class initialized using 'CodeIgniter\Session\Handlers\FileHandler' driver.
INFO - 2023-10-18 08:53:46 --> Session: Class initialized using 'CodeIgniter\Session\Handlers\FileHandler' driver.
CRITICAL - 2023-10-18 09:04:14 --> Trying to access array offset on value of type null
in APPPATH\Controllers\News.php on line 29.
 1 APPPATH\Controllers\News.php(29): CodeIgniter\Debug\Exceptions->errorHandler(2, 'Trying to access array offset on value of type null', 'C:\\xampp\\htdocs\\CI4\\app\\Controllers\\News.php', 29)
 2 SYSTEMPATH\CodeIgniter.php(919): App\Controllers\News->show('new')
 3 SYSTEMPATH\CodeIgniter.php(494): CodeIgniter\CodeIgniter->runController(Object(App\Controllers\News))
 4 SYSTEMPATH\CodeIgniter.php(353): CodeIgniter\CodeIgniter->handleRequest(null, Object(Config\Cache), false)
 5 FCPATH\index.php(79): CodeIgniter\CodeIgniter->run()
INFO - 2023-10-18 09:04:28 --> Session: Class initialized using 'CodeIgniter\Session\Handlers\FileHandler' driver.
INFO - 2023-10-18 09:04:39 --> CSRF token verified.
