CRITICAL - 2023-11-01 08:43:08 --> The framework needs the following extension(s) installed and loaded: intl.
in SYSTEMPATH\CodeIgniter.php on line 246.
 1 SYSTEMPATH\CodeIgniter.php(246): CodeIgniter\Exceptions\FrameworkException::forMissingExtension('intl')
 2 SYSTEMPATH\CodeIgniter.php(210): CodeIgniter\CodeIgniter->resolvePlatformExtensions()
 3 FCPATH\index.php(67): CodeIgniter\CodeIgniter->initialize()
CRITICAL - 2023-11-01 08:43:09 --> Uncaught Error: Class "Locale" not found in C:\xampp\htdocs\CI4\system\Helpers\number_helper.php:136
Stack trace:
#0 C:\xampp\htdocs\CI4\system\Helpers\number_helper.php(55): format_number(6.0, 2, NULL, Array)
#1 C:\xampp\htdocs\CI4\system\Debug\BaseExceptionHandler.php(145): number_to_size(6.0, 2)
#2 C:\xampp\htdocs\CI4\app\Views\errors\html\error_exception.php(360): CodeIgniter\Debug\BaseExceptionHandler::describeMemory(6291456)
#3 C:\xampp\htdocs\CI4\system\Debug\BaseExceptionHandler.php(241): include('C:\\xampp\\htdocs...')
#4 C:\xampp\htdocs\CI4\system\Debug\BaseExceptionHandler.php(244): CodeIgniter\Debug\BaseExceptionHandler->CodeIgniter\Debug\{closure}()
#5 C:\xampp\htdocs\CI4\system\Debug\ExceptionHandler.php(109): CodeIgniter\Debug\BaseExceptionHandler->render(Object(CodeIgniter\Exceptions\FrameworkException), 500, 'C:\\xampp\\htdocs...')
#6 C:\xampp\htdocs\CI4\system\Debug\Exceptions.php(147): CodeIgniter\Debug\ExceptionHandler->handle(Object(CodeIgniter\Exceptions\FrameworkException), Object(CodeIgniter\HTTP\IncomingRequest), Object(CodeIgniter\HTTP\Response), 500, 1)
#7 [internal function]: CodeIgniter\Debug\Exceptions->exceptionHandler(Object(CodeIgniter\Exceptions\FrameworkException))
#8 {main}
  thrown
【Previous Exception】
CodeIgniter\Exceptions\FrameworkException
The framework needs the following extension(s) installed and loaded: intl.
#0 C:\xampp\htdocs\CI4\system\CodeIgniter.php(246): CodeIgniter\Exceptions\FrameworkException::forMissingExtension('intl')
#1 C:\xampp\htdocs\CI4\system\CodeIgniter.php(210): CodeIgniter\CodeIgniter->resolvePlatformExtensions()
#2 C:\xampp\htdocs\CI4\public\index.php(67): CodeIgniter\CodeIgniter->initialize()
#3 {main}
in SYSTEMPATH\Helpers\number_helper.php on line 136.
 1 [internal function]: CodeIgniter\Debug\Exceptions->shutdownHandler()
CRITICAL - 2023-11-01 08:43:20 --> The framework needs the following extension(s) installed and loaded: intl.
in SYSTEMPATH\CodeIgniter.php on line 246.
 1 SYSTEMPATH\CodeIgniter.php(246): CodeIgniter\Exceptions\FrameworkException::forMissingExtension('intl')
 2 SYSTEMPATH\CodeIgniter.php(210): CodeIgniter\CodeIgniter->resolvePlatformExtensions()
 3 FCPATH\index.php(67): CodeIgniter\CodeIgniter->initialize()
CRITICAL - 2023-11-01 08:43:20 --> Uncaught Error: Class "Locale" not found in C:\xampp\htdocs\CI4\system\Helpers\number_helper.php:136
Stack trace:
#0 C:\xampp\htdocs\CI4\system\Helpers\number_helper.php(55): format_number(8.0, 2, NULL, Array)
#1 C:\xampp\htdocs\CI4\system\Debug\BaseExceptionHandler.php(145): number_to_size(8.0, 2)
#2 C:\xampp\htdocs\CI4\app\Views\errors\html\error_exception.php(360): CodeIgniter\Debug\BaseExceptionHandler::describeMemory(8388608)
#3 C:\xampp\htdocs\CI4\system\Debug\BaseExceptionHandler.php(241): include('C:\\xampp\\htdocs...')
#4 C:\xampp\htdocs\CI4\system\Debug\BaseExceptionHandler.php(244): CodeIgniter\Debug\BaseExceptionHandler->CodeIgniter\Debug\{closure}()
#5 C:\xampp\htdocs\CI4\system\Debug\ExceptionHandler.php(109): CodeIgniter\Debug\BaseExceptionHandler->render(Object(CodeIgniter\Exceptions\FrameworkException), 500, 'C:\\xampp\\htdocs...')
#6 C:\xampp\htdocs\CI4\system\Debug\Exceptions.php(147): CodeIgniter\Debug\ExceptionHandler->handle(Object(CodeIgniter\Exceptions\FrameworkException), Object(CodeIgniter\HTTP\IncomingRequest), Object(CodeIgniter\HTTP\Response), 500, 1)
#7 [internal function]: CodeIgniter\Debug\Exceptions->exceptionHandler(Object(CodeIgniter\Exceptions\FrameworkException))
#8 {main}
  thrown
【Previous Exception】
CodeIgniter\Exceptions\FrameworkException
The framework needs the following extension(s) installed and loaded: intl.
#0 C:\xampp\htdocs\CI4\system\CodeIgniter.php(246): CodeIgniter\Exceptions\FrameworkException::forMissingExtension('intl')
#1 C:\xampp\htdocs\CI4\system\CodeIgniter.php(210): CodeIgniter\CodeIgniter->resolvePlatformExtensions()
#2 C:\xampp\htdocs\CI4\public\index.php(67): CodeIgniter\CodeIgniter->initialize()
#3 {main}
in SYSTEMPATH\Helpers\number_helper.php on line 136.
 1 [internal function]: CodeIgniter\Debug\Exceptions->shutdownHandler()
INFO - 2023-11-01 08:02:10 --> Session: Class initialized using 'CodeIgniter\Session\Handlers\FileHandler' driver.
CRITICAL - 2023-11-01 08:02:13 --> Trying to access array offset on value of type null
in APPPATH\Controllers\News.php on line 29.
 1 APPPATH\Controllers\News.php(29): CodeIgniter\Debug\Exceptions->errorHandler(2, 'Trying to access array offset on value of type null', 'C:\\xampp\\htdocs\\CI4\\app\\Controllers\\News.php', 29)
 2 SYSTEMPATH\CodeIgniter.php(919): App\Controllers\News->show('favicon.ico')
 3 SYSTEMPATH\CodeIgniter.php(494): CodeIgniter\CodeIgniter->runController(Object(App\Controllers\News))
 4 SYSTEMPATH\CodeIgniter.php(353): CodeIgniter\CodeIgniter->handleRequest(null, Object(Config\Cache), false)
 5 FCPATH\index.php(79): CodeIgniter\CodeIgniter->run()
INFO - 2023-11-01 08:06:02 --> Session: Class initialized using 'CodeIgniter\Session\Handlers\FileHandler' driver.
CRITICAL - 2023-11-01 08:06:05 --> Undefined array key "title"
in APPPATH\Controllers\Category.php on line 29.
 1 APPPATH\Controllers\Category.php(29): CodeIgniter\Debug\Exceptions->errorHandler(2, 'Undefined array key "title"', 'C:\\xampp\\htdocs\\CI4\\app\\Controllers\\Category.php', 29)
 2 SYSTEMPATH\CodeIgniter.php(919): App\Controllers\Category->show('favicon.ico')
 3 SYSTEMPATH\CodeIgniter.php(494): CodeIgniter\CodeIgniter->runController(Object(App\Controllers\Category))
 4 SYSTEMPATH\CodeIgniter.php(353): CodeIgniter\CodeIgniter->handleRequest(null, Object(Config\Cache), false)
 5 FCPATH\index.php(79): CodeIgniter\CodeIgniter->run()
INFO - 2023-11-01 08:07:13 --> Session: Class initialized using 'CodeIgniter\Session\Handlers\FileHandler' driver.
CRITICAL - 2023-11-01 08:07:15 --> Undefined array key "title"
in APPPATH\Controllers\Category.php on line 29.
 1 APPPATH\Controllers\Category.php(29): CodeIgniter\Debug\Exceptions->errorHandler(2, 'Undefined array key "title"', 'C:\\xampp\\htdocs\\CI4\\app\\Controllers\\Category.php', 29)
 2 SYSTEMPATH\CodeIgniter.php(919): App\Controllers\Category->show('favicon.ico')
 3 SYSTEMPATH\CodeIgniter.php(494): CodeIgniter\CodeIgniter->runController(Object(App\Controllers\Category))
 4 SYSTEMPATH\CodeIgniter.php(353): CodeIgniter\CodeIgniter->handleRequest(null, Object(Config\Cache), false)
 5 FCPATH\index.php(79): CodeIgniter\CodeIgniter->run()
INFO - 2023-11-01 08:07:29 --> Session: Class initialized using 'CodeIgniter\Session\Handlers\FileHandler' driver.
CRITICAL - 2023-11-01 08:07:31 --> Undefined array key "title"
in APPPATH\Controllers\Category.php on line 29.
 1 APPPATH\Controllers\Category.php(29): CodeIgniter\Debug\Exceptions->errorHandler(2, 'Undefined array key "title"', 'C:\\xampp\\htdocs\\CI4\\app\\Controllers\\Category.php', 29)
 2 SYSTEMPATH\CodeIgniter.php(919): App\Controllers\Category->show('favicon.ico')
 3 SYSTEMPATH\CodeIgniter.php(494): CodeIgniter\CodeIgniter->runController(Object(App\Controllers\Category))
 4 SYSTEMPATH\CodeIgniter.php(353): CodeIgniter\CodeIgniter->handleRequest(null, Object(Config\Cache), false)
 5 FCPATH\index.php(79): CodeIgniter\CodeIgniter->run()
INFO - 2023-11-01 08:08:13 --> Session: Class initialized using 'CodeIgniter\Session\Handlers\FileHandler' driver.
CRITICAL - 2023-11-01 08:08:15 --> Undefined array key "title"
in APPPATH\Controllers\Category.php on line 29.
 1 APPPATH\Controllers\Category.php(29): CodeIgniter\Debug\Exceptions->errorHandler(2, 'Undefined array key "title"', 'C:\\xampp\\htdocs\\CI4\\app\\Controllers\\Category.php', 29)
 2 SYSTEMPATH\CodeIgniter.php(919): App\Controllers\Category->show('favicon.ico')
 3 SYSTEMPATH\CodeIgniter.php(494): CodeIgniter\CodeIgniter->runController(Object(App\Controllers\Category))
 4 SYSTEMPATH\CodeIgniter.php(353): CodeIgniter\CodeIgniter->handleRequest(null, Object(Config\Cache), false)
 5 FCPATH\index.php(79): CodeIgniter\CodeIgniter->run()
INFO - 2023-11-01 08:08:18 --> Session: Class initialized using 'CodeIgniter\Session\Handlers\FileHandler' driver.
CRITICAL - 2023-11-01 08:08:21 --> Trying to access array offset on value of type null
in APPPATH\Controllers\News.php on line 29.
 1 APPPATH\Controllers\News.php(29): CodeIgniter\Debug\Exceptions->errorHandler(2, 'Trying to access array offset on value of type null', 'C:\\xampp\\htdocs\\CI4\\app\\Controllers\\News.php', 29)
 2 SYSTEMPATH\CodeIgniter.php(919): App\Controllers\News->show('favicon.ico')
 3 SYSTEMPATH\CodeIgniter.php(494): CodeIgniter\CodeIgniter->runController(Object(App\Controllers\News))
 4 SYSTEMPATH\CodeIgniter.php(353): CodeIgniter\CodeIgniter->handleRequest(null, Object(Config\Cache), false)
 5 FCPATH\index.php(79): CodeIgniter\CodeIgniter->run()
INFO - 2023-11-01 08:08:24 --> Session: Class initialized using 'CodeIgniter\Session\Handlers\FileHandler' driver.
CRITICAL - 2023-11-01 08:08:26 --> Undefined array key "title"
in APPPATH\Controllers\Category.php on line 29.
 1 APPPATH\Controllers\Category.php(29): CodeIgniter\Debug\Exceptions->errorHandler(2, 'Undefined array key "title"', 'C:\\xampp\\htdocs\\CI4\\app\\Controllers\\Category.php', 29)
 2 SYSTEMPATH\CodeIgniter.php(919): App\Controllers\Category->show('favicon.ico')
 3 SYSTEMPATH\CodeIgniter.php(494): CodeIgniter\CodeIgniter->runController(Object(App\Controllers\Category))
 4 SYSTEMPATH\CodeIgniter.php(353): CodeIgniter\CodeIgniter->handleRequest(null, Object(Config\Cache), false)
 5 FCPATH\index.php(79): CodeIgniter\CodeIgniter->run()
INFO - 2023-11-01 08:08:50 --> Session: Class initialized using 'CodeIgniter\Session\Handlers\FileHandler' driver.
CRITICAL - 2023-11-01 08:08:53 --> Undefined array key "title"
in APPPATH\Controllers\Category.php on line 29.
 1 APPPATH\Controllers\Category.php(29): CodeIgniter\Debug\Exceptions->errorHandler(2, 'Undefined array key "title"', 'C:\\xampp\\htdocs\\CI4\\app\\Controllers\\Category.php', 29)
 2 SYSTEMPATH\CodeIgniter.php(919): App\Controllers\Category->show('favicon.ico')
 3 SYSTEMPATH\CodeIgniter.php(494): CodeIgniter\CodeIgniter->runController(Object(App\Controllers\Category))
 4 SYSTEMPATH\CodeIgniter.php(353): CodeIgniter\CodeIgniter->handleRequest(null, Object(Config\Cache), false)
 5 FCPATH\index.php(79): CodeIgniter\CodeIgniter->run()
INFO - 2023-11-01 08:08:55 --> Session: Class initialized using 'CodeIgniter\Session\Handlers\FileHandler' driver.
CRITICAL - 2023-11-01 08:08:58 --> Undefined array key "title"
in APPPATH\Controllers\Category.php on line 29.
 1 APPPATH\Controllers\Category.php(29): CodeIgniter\Debug\Exceptions->errorHandler(2, 'Undefined array key "title"', 'C:\\xampp\\htdocs\\CI4\\app\\Controllers\\Category.php', 29)
 2 SYSTEMPATH\CodeIgniter.php(919): App\Controllers\Category->show('favicon.ico')
 3 SYSTEMPATH\CodeIgniter.php(494): CodeIgniter\CodeIgniter->runController(Object(App\Controllers\Category))
 4 SYSTEMPATH\CodeIgniter.php(353): CodeIgniter\CodeIgniter->handleRequest(null, Object(Config\Cache), false)
 5 FCPATH\index.php(79): CodeIgniter\CodeIgniter->run()
CRITICAL - 2023-11-01 08:09:27 --> Undefined array key "title"
in APPPATH\Controllers\Category.php on line 29.
 1 APPPATH\Controllers\Category.php(29): CodeIgniter\Debug\Exceptions->errorHandler(2, 'Undefined array key "title"', 'C:\\xampp\\htdocs\\CI4\\app\\Controllers\\Category.php', 29)
 2 SYSTEMPATH\CodeIgniter.php(919): App\Controllers\Category->show('newcate')
 3 SYSTEMPATH\CodeIgniter.php(494): CodeIgniter\CodeIgniter->runController(Object(App\Controllers\Category))
 4 SYSTEMPATH\CodeIgniter.php(353): CodeIgniter\CodeIgniter->handleRequest(null, Object(Config\Cache), false)
 5 FCPATH\index.php(79): CodeIgniter\CodeIgniter->run()
CRITICAL - 2023-11-01 08:10:19 --> Undefined array key "title"
in APPPATH\Controllers\Category.php on line 29.
 1 APPPATH\Controllers\Category.php(29): CodeIgniter\Debug\Exceptions->errorHandler(2, 'Undefined array key "title"', 'C:\\xampp\\htdocs\\CI4\\app\\Controllers\\Category.php', 29)
 2 SYSTEMPATH\CodeIgniter.php(919): App\Controllers\Category->show('newcate')
 3 SYSTEMPATH\CodeIgniter.php(494): CodeIgniter\CodeIgniter->runController(Object(App\Controllers\Category))
 4 SYSTEMPATH\CodeIgniter.php(353): CodeIgniter\CodeIgniter->handleRequest(null, Object(Config\Cache), false)
 5 FCPATH\index.php(79): CodeIgniter\CodeIgniter->run()
CRITICAL - 2023-11-01 08:10:20 --> Undefined array key "title"
in APPPATH\Controllers\Category.php on line 29.
 1 APPPATH\Controllers\Category.php(29): CodeIgniter\Debug\Exceptions->errorHandler(2, 'Undefined array key "title"', 'C:\\xampp\\htdocs\\CI4\\app\\Controllers\\Category.php', 29)
 2 SYSTEMPATH\CodeIgniter.php(919): App\Controllers\Category->show('newcate')
 3 SYSTEMPATH\CodeIgniter.php(494): CodeIgniter\CodeIgniter->runController(Object(App\Controllers\Category))
 4 SYSTEMPATH\CodeIgniter.php(353): CodeIgniter\CodeIgniter->handleRequest(null, Object(Config\Cache), false)
 5 FCPATH\index.php(79): CodeIgniter\CodeIgniter->run()
CRITICAL - 2023-11-01 08:10:20 --> Undefined array key "title"
in APPPATH\Controllers\Category.php on line 29.
 1 APPPATH\Controllers\Category.php(29): CodeIgniter\Debug\Exceptions->errorHandler(2, 'Undefined array key "title"', 'C:\\xampp\\htdocs\\CI4\\app\\Controllers\\Category.php', 29)
 2 SYSTEMPATH\CodeIgniter.php(919): App\Controllers\Category->show('newcate')
 3 SYSTEMPATH\CodeIgniter.php(494): CodeIgniter\CodeIgniter->runController(Object(App\Controllers\Category))
 4 SYSTEMPATH\CodeIgniter.php(353): CodeIgniter\CodeIgniter->handleRequest(null, Object(Config\Cache), false)
 5 FCPATH\index.php(79): CodeIgniter\CodeIgniter->run()
CRITICAL - 2023-11-01 08:10:21 --> Undefined array key "title"
in APPPATH\Controllers\Category.php on line 29.
 1 APPPATH\Controllers\Category.php(29): CodeIgniter\Debug\Exceptions->errorHandler(2, 'Undefined array key "title"', 'C:\\xampp\\htdocs\\CI4\\app\\Controllers\\Category.php', 29)
 2 SYSTEMPATH\CodeIgniter.php(919): App\Controllers\Category->show('newcate')
 3 SYSTEMPATH\CodeIgniter.php(494): CodeIgniter\CodeIgniter->runController(Object(App\Controllers\Category))
 4 SYSTEMPATH\CodeIgniter.php(353): CodeIgniter\CodeIgniter->handleRequest(null, Object(Config\Cache), false)
 5 FCPATH\index.php(79): CodeIgniter\CodeIgniter->run()
CRITICAL - 2023-11-01 08:10:24 --> Undefined array key "title"
in APPPATH\Controllers\Category.php on line 29.
 1 APPPATH\Controllers\Category.php(29): CodeIgniter\Debug\Exceptions->errorHandler(2, 'Undefined array key "title"', 'C:\\xampp\\htdocs\\CI4\\app\\Controllers\\Category.php', 29)
 2 SYSTEMPATH\CodeIgniter.php(919): App\Controllers\Category->show('newcate')
 3 SYSTEMPATH\CodeIgniter.php(494): CodeIgniter\CodeIgniter->runController(Object(App\Controllers\Category))
 4 SYSTEMPATH\CodeIgniter.php(353): CodeIgniter\CodeIgniter->handleRequest(null, Object(Config\Cache), false)
 5 FCPATH\index.php(79): CodeIgniter\CodeIgniter->run()
CRITICAL - 2023-11-01 08:10:32 --> Undefined array key "title"
in APPPATH\Controllers\Category.php on line 29.
 1 APPPATH\Controllers\Category.php(29): CodeIgniter\Debug\Exceptions->errorHandler(2, 'Undefined array key "title"', 'C:\\xampp\\htdocs\\CI4\\app\\Controllers\\Category.php', 29)
 2 SYSTEMPATH\CodeIgniter.php(919): App\Controllers\Category->show('newcate')
 3 SYSTEMPATH\CodeIgniter.php(494): CodeIgniter\CodeIgniter->runController(Object(App\Controllers\Category))
 4 SYSTEMPATH\CodeIgniter.php(353): CodeIgniter\CodeIgniter->handleRequest(null, Object(Config\Cache), false)
 5 FCPATH\index.php(79): CodeIgniter\CodeIgniter->run()
CRITICAL - 2023-11-01 08:10:33 --> Undefined array key "title"
in APPPATH\Controllers\Category.php on line 29.
 1 APPPATH\Controllers\Category.php(29): CodeIgniter\Debug\Exceptions->errorHandler(2, 'Undefined array key "title"', 'C:\\xampp\\htdocs\\CI4\\app\\Controllers\\Category.php', 29)
 2 SYSTEMPATH\CodeIgniter.php(919): App\Controllers\Category->show('newcate')
 3 SYSTEMPATH\CodeIgniter.php(494): CodeIgniter\CodeIgniter->runController(Object(App\Controllers\Category))
 4 SYSTEMPATH\CodeIgniter.php(353): CodeIgniter\CodeIgniter->handleRequest(null, Object(Config\Cache), false)
 5 FCPATH\index.php(79): CodeIgniter\CodeIgniter->run()
INFO - 2023-11-01 08:10:33 --> Session: Class initialized using 'CodeIgniter\Session\Handlers\FileHandler' driver.
CRITICAL - 2023-11-01 08:10:36 --> Undefined array key "title"
in APPPATH\Controllers\Category.php on line 29.
 1 APPPATH\Controllers\Category.php(29): CodeIgniter\Debug\Exceptions->errorHandler(2, 'Undefined array key "title"', 'C:\\xampp\\htdocs\\CI4\\app\\Controllers\\Category.php', 29)
 2 SYSTEMPATH\CodeIgniter.php(919): App\Controllers\Category->show('favicon.ico')
 3 SYSTEMPATH\CodeIgniter.php(494): CodeIgniter\CodeIgniter->runController(Object(App\Controllers\Category))
 4 SYSTEMPATH\CodeIgniter.php(353): CodeIgniter\CodeIgniter->handleRequest(null, Object(Config\Cache), false)
 5 FCPATH\index.php(79): CodeIgniter\CodeIgniter->run()
CRITICAL - 2023-11-01 08:10:37 --> Undefined array key "title"
in APPPATH\Controllers\Category.php on line 29.
 1 APPPATH\Controllers\Category.php(29): CodeIgniter\Debug\Exceptions->errorHandler(2, 'Undefined array key "title"', 'C:\\xampp\\htdocs\\CI4\\app\\Controllers\\Category.php', 29)
 2 SYSTEMPATH\CodeIgniter.php(919): App\Controllers\Category->show('newcate')
 3 SYSTEMPATH\CodeIgniter.php(494): CodeIgniter\CodeIgniter->runController(Object(App\Controllers\Category))
 4 SYSTEMPATH\CodeIgniter.php(353): CodeIgniter\CodeIgniter->handleRequest(null, Object(Config\Cache), false)
 5 FCPATH\index.php(79): CodeIgniter\CodeIgniter->run()
CRITICAL - 2023-11-01 08:11:30 --> Undefined array key "title"
in APPPATH\Controllers\Category.php on line 29.
 1 APPPATH\Controllers\Category.php(29): CodeIgniter\Debug\Exceptions->errorHandler(2, 'Undefined array key "title"', 'C:\\xampp\\htdocs\\CI4\\app\\Controllers\\Category.php', 29)
 2 SYSTEMPATH\CodeIgniter.php(919): App\Controllers\Category->show('newcate')
 3 SYSTEMPATH\CodeIgniter.php(494): CodeIgniter\CodeIgniter->runController(Object(App\Controllers\Category))
 4 SYSTEMPATH\CodeIgniter.php(353): CodeIgniter\CodeIgniter->handleRequest(null, Object(Config\Cache), false)
 5 FCPATH\index.php(79): CodeIgniter\CodeIgniter->run()
CRITICAL - 2023-11-01 08:11:56 --> Undefined array key "title"
in APPPATH\Controllers\Category.php on line 29.
 1 APPPATH\Controllers\Category.php(29): CodeIgniter\Debug\Exceptions->errorHandler(2, 'Undefined array key "title"', 'C:\\xampp\\htdocs\\CI4\\app\\Controllers\\Category.php', 29)
 2 SYSTEMPATH\CodeIgniter.php(919): App\Controllers\Category->show('newcate')
 3 SYSTEMPATH\CodeIgniter.php(494): CodeIgniter\CodeIgniter->runController(Object(App\Controllers\Category))
 4 SYSTEMPATH\CodeIgniter.php(353): CodeIgniter\CodeIgniter->handleRequest(null, Object(Config\Cache), false)
 5 FCPATH\index.php(79): CodeIgniter\CodeIgniter->run()
CRITICAL - 2023-11-01 08:11:57 --> Undefined array key "title"
in APPPATH\Controllers\Category.php on line 29.
 1 APPPATH\Controllers\Category.php(29): CodeIgniter\Debug\Exceptions->errorHandler(2, 'Undefined array key "title"', 'C:\\xampp\\htdocs\\CI4\\app\\Controllers\\Category.php', 29)
 2 SYSTEMPATH\CodeIgniter.php(919): App\Controllers\Category->show('newcate')
 3 SYSTEMPATH\CodeIgniter.php(494): CodeIgniter\CodeIgniter->runController(Object(App\Controllers\Category))
 4 SYSTEMPATH\CodeIgniter.php(353): CodeIgniter\CodeIgniter->handleRequest(null, Object(Config\Cache), false)
 5 FCPATH\index.php(79): CodeIgniter\CodeIgniter->run()
CRITICAL - 2023-11-01 08:11:57 --> Undefined array key "title"
in APPPATH\Controllers\Category.php on line 29.
 1 APPPATH\Controllers\Category.php(29): CodeIgniter\Debug\Exceptions->errorHandler(2, 'Undefined array key "title"', 'C:\\xampp\\htdocs\\CI4\\app\\Controllers\\Category.php', 29)
 2 SYSTEMPATH\CodeIgniter.php(919): App\Controllers\Category->show('newcate')
 3 SYSTEMPATH\CodeIgniter.php(494): CodeIgniter\CodeIgniter->runController(Object(App\Controllers\Category))
 4 SYSTEMPATH\CodeIgniter.php(353): CodeIgniter\CodeIgniter->handleRequest(null, Object(Config\Cache), false)
 5 FCPATH\index.php(79): CodeIgniter\CodeIgniter->run()
CRITICAL - 2023-11-01 08:11:57 --> Undefined array key "title"
in APPPATH\Controllers\Category.php on line 29.
 1 APPPATH\Controllers\Category.php(29): CodeIgniter\Debug\Exceptions->errorHandler(2, 'Undefined array key "title"', 'C:\\xampp\\htdocs\\CI4\\app\\Controllers\\Category.php', 29)
 2 SYSTEMPATH\CodeIgniter.php(919): App\Controllers\Category->show('newcate')
 3 SYSTEMPATH\CodeIgniter.php(494): CodeIgniter\CodeIgniter->runController(Object(App\Controllers\Category))
 4 SYSTEMPATH\CodeIgniter.php(353): CodeIgniter\CodeIgniter->handleRequest(null, Object(Config\Cache), false)
 5 FCPATH\index.php(79): CodeIgniter\CodeIgniter->run()
CRITICAL - 2023-11-01 08:11:58 --> Undefined array key "title"
in APPPATH\Controllers\Category.php on line 29.
 1 APPPATH\Controllers\Category.php(29): CodeIgniter\Debug\Exceptions->errorHandler(2, 'Undefined array key "title"', 'C:\\xampp\\htdocs\\CI4\\app\\Controllers\\Category.php', 29)
 2 SYSTEMPATH\CodeIgniter.php(919): App\Controllers\Category->show('newcate')
 3 SYSTEMPATH\CodeIgniter.php(494): CodeIgniter\CodeIgniter->runController(Object(App\Controllers\Category))
 4 SYSTEMPATH\CodeIgniter.php(353): CodeIgniter\CodeIgniter->handleRequest(null, Object(Config\Cache), false)
 5 FCPATH\index.php(79): CodeIgniter\CodeIgniter->run()
CRITICAL - 2023-11-01 08:11:58 --> Undefined array key "title"
in APPPATH\Controllers\Category.php on line 29.
 1 APPPATH\Controllers\Category.php(29): CodeIgniter\Debug\Exceptions->errorHandler(2, 'Undefined array key "title"', 'C:\\xampp\\htdocs\\CI4\\app\\Controllers\\Category.php', 29)
 2 SYSTEMPATH\CodeIgniter.php(919): App\Controllers\Category->show('newcate')
 3 SYSTEMPATH\CodeIgniter.php(494): CodeIgniter\CodeIgniter->runController(Object(App\Controllers\Category))
 4 SYSTEMPATH\CodeIgniter.php(353): CodeIgniter\CodeIgniter->handleRequest(null, Object(Config\Cache), false)
 5 FCPATH\index.php(79): CodeIgniter\CodeIgniter->run()
CRITICAL - 2023-11-01 08:11:58 --> Undefined array key "title"
in APPPATH\Controllers\Category.php on line 29.
 1 APPPATH\Controllers\Category.php(29): CodeIgniter\Debug\Exceptions->errorHandler(2, 'Undefined array key "title"', 'C:\\xampp\\htdocs\\CI4\\app\\Controllers\\Category.php', 29)
 2 SYSTEMPATH\CodeIgniter.php(919): App\Controllers\Category->show('newcate')
 3 SYSTEMPATH\CodeIgniter.php(494): CodeIgniter\CodeIgniter->runController(Object(App\Controllers\Category))
 4 SYSTEMPATH\CodeIgniter.php(353): CodeIgniter\CodeIgniter->handleRequest(null, Object(Config\Cache), false)
 5 FCPATH\index.php(79): CodeIgniter\CodeIgniter->run()
CRITICAL - 2023-11-01 08:11:58 --> Undefined array key "title"
in APPPATH\Controllers\Category.php on line 29.
 1 APPPATH\Controllers\Category.php(29): CodeIgniter\Debug\Exceptions->errorHandler(2, 'Undefined array key "title"', 'C:\\xampp\\htdocs\\CI4\\app\\Controllers\\Category.php', 29)
 2 SYSTEMPATH\CodeIgniter.php(919): App\Controllers\Category->show('newcate')
 3 SYSTEMPATH\CodeIgniter.php(494): CodeIgniter\CodeIgniter->runController(Object(App\Controllers\Category))
 4 SYSTEMPATH\CodeIgniter.php(353): CodeIgniter\CodeIgniter->handleRequest(null, Object(Config\Cache), false)
 5 FCPATH\index.php(79): CodeIgniter\CodeIgniter->run()
CRITICAL - 2023-11-01 08:12:01 --> Undefined array key "title"
in APPPATH\Controllers\Category.php on line 29.
 1 APPPATH\Controllers\Category.php(29): CodeIgniter\Debug\Exceptions->errorHandler(2, 'Undefined array key "title"', 'C:\\xampp\\htdocs\\CI4\\app\\Controllers\\Category.php', 29)
 2 SYSTEMPATH\CodeIgniter.php(919): App\Controllers\Category->show('newcate')
 3 SYSTEMPATH\CodeIgniter.php(494): CodeIgniter\CodeIgniter->runController(Object(App\Controllers\Category))
 4 SYSTEMPATH\CodeIgniter.php(353): CodeIgniter\CodeIgniter->handleRequest(null, Object(Config\Cache), false)
 5 FCPATH\index.php(79): CodeIgniter\CodeIgniter->run()
CRITICAL - 2023-11-01 08:12:01 --> Undefined array key "title"
in APPPATH\Controllers\Category.php on line 29.
 1 APPPATH\Controllers\Category.php(29): CodeIgniter\Debug\Exceptions->errorHandler(2, 'Undefined array key "title"', 'C:\\xampp\\htdocs\\CI4\\app\\Controllers\\Category.php', 29)
 2 SYSTEMPATH\CodeIgniter.php(919): App\Controllers\Category->show('newcate')
 3 SYSTEMPATH\CodeIgniter.php(494): CodeIgniter\CodeIgniter->runController(Object(App\Controllers\Category))
 4 SYSTEMPATH\CodeIgniter.php(353): CodeIgniter\CodeIgniter->handleRequest(null, Object(Config\Cache), false)
 5 FCPATH\index.php(79): CodeIgniter\CodeIgniter->run()
CRITICAL - 2023-11-01 08:12:02 --> Undefined array key "title"
in APPPATH\Controllers\Category.php on line 29.
 1 APPPATH\Controllers\Category.php(29): CodeIgniter\Debug\Exceptions->errorHandler(2, 'Undefined array key "title"', 'C:\\xampp\\htdocs\\CI4\\app\\Controllers\\Category.php', 29)
 2 SYSTEMPATH\CodeIgniter.php(919): App\Controllers\Category->show('newcate')
 3 SYSTEMPATH\CodeIgniter.php(494): CodeIgniter\CodeIgniter->runController(Object(App\Controllers\Category))
 4 SYSTEMPATH\CodeIgniter.php(353): CodeIgniter\CodeIgniter->handleRequest(null, Object(Config\Cache), false)
 5 FCPATH\index.php(79): CodeIgniter\CodeIgniter->run()
CRITICAL - 2023-11-01 08:12:02 --> Undefined array key "title"
in APPPATH\Controllers\Category.php on line 29.
 1 APPPATH\Controllers\Category.php(29): CodeIgniter\Debug\Exceptions->errorHandler(2, 'Undefined array key "title"', 'C:\\xampp\\htdocs\\CI4\\app\\Controllers\\Category.php', 29)
 2 SYSTEMPATH\CodeIgniter.php(919): App\Controllers\Category->show('newcate')
 3 SYSTEMPATH\CodeIgniter.php(494): CodeIgniter\CodeIgniter->runController(Object(App\Controllers\Category))
 4 SYSTEMPATH\CodeIgniter.php(353): CodeIgniter\CodeIgniter->handleRequest(null, Object(Config\Cache), false)
 5 FCPATH\index.php(79): CodeIgniter\CodeIgniter->run()
CRITICAL - 2023-11-01 08:12:02 --> Undefined array key "title"
in APPPATH\Controllers\Category.php on line 29.
 1 APPPATH\Controllers\Category.php(29): CodeIgniter\Debug\Exceptions->errorHandler(2, 'Undefined array key "title"', 'C:\\xampp\\htdocs\\CI4\\app\\Controllers\\Category.php', 29)
 2 SYSTEMPATH\CodeIgniter.php(919): App\Controllers\Category->show('newcate')
 3 SYSTEMPATH\CodeIgniter.php(494): CodeIgniter\CodeIgniter->runController(Object(App\Controllers\Category))
 4 SYSTEMPATH\CodeIgniter.php(353): CodeIgniter\CodeIgniter->handleRequest(null, Object(Config\Cache), false)
 5 FCPATH\index.php(79): CodeIgniter\CodeIgniter->run()
CRITICAL - 2023-11-01 08:12:02 --> Undefined array key "title"
in APPPATH\Controllers\Category.php on line 29.
 1 APPPATH\Controllers\Category.php(29): CodeIgniter\Debug\Exceptions->errorHandler(2, 'Undefined array key "title"', 'C:\\xampp\\htdocs\\CI4\\app\\Controllers\\Category.php', 29)
 2 SYSTEMPATH\CodeIgniter.php(919): App\Controllers\Category->show('newcate')
 3 SYSTEMPATH\CodeIgniter.php(494): CodeIgniter\CodeIgniter->runController(Object(App\Controllers\Category))
 4 SYSTEMPATH\CodeIgniter.php(353): CodeIgniter\CodeIgniter->handleRequest(null, Object(Config\Cache), false)
 5 FCPATH\index.php(79): CodeIgniter\CodeIgniter->run()
CRITICAL - 2023-11-01 08:12:03 --> Undefined array key "title"
in APPPATH\Controllers\Category.php on line 29.
 1 APPPATH\Controllers\Category.php(29): CodeIgniter\Debug\Exceptions->errorHandler(2, 'Undefined array key "title"', 'C:\\xampp\\htdocs\\CI4\\app\\Controllers\\Category.php', 29)
 2 SYSTEMPATH\CodeIgniter.php(919): App\Controllers\Category->show('newcate')
 3 SYSTEMPATH\CodeIgniter.php(494): CodeIgniter\CodeIgniter->runController(Object(App\Controllers\Category))
 4 SYSTEMPATH\CodeIgniter.php(353): CodeIgniter\CodeIgniter->handleRequest(null, Object(Config\Cache), false)
 5 FCPATH\index.php(79): CodeIgniter\CodeIgniter->run()
CRITICAL - 2023-11-01 08:12:11 --> Undefined array key "title"
in APPPATH\Controllers\Category.php on line 29.
 1 APPPATH\Controllers\Category.php(29): CodeIgniter\Debug\Exceptions->errorHandler(2, 'Undefined array key "title"', 'C:\\xampp\\htdocs\\CI4\\app\\Controllers\\Category.php', 29)
 2 SYSTEMPATH\CodeIgniter.php(919): App\Controllers\Category->show('newcate')
 3 SYSTEMPATH\CodeIgniter.php(494): CodeIgniter\CodeIgniter->runController(Object(App\Controllers\Category))
 4 SYSTEMPATH\CodeIgniter.php(353): CodeIgniter\CodeIgniter->handleRequest(null, Object(Config\Cache), false)
 5 FCPATH\index.php(79): CodeIgniter\CodeIgniter->run()
CRITICAL - 2023-11-01 08:12:11 --> Undefined array key "title"
in APPPATH\Controllers\Category.php on line 29.
 1 APPPATH\Controllers\Category.php(29): CodeIgniter\Debug\Exceptions->errorHandler(2, 'Undefined array key "title"', 'C:\\xampp\\htdocs\\CI4\\app\\Controllers\\Category.php', 29)
 2 SYSTEMPATH\CodeIgniter.php(919): App\Controllers\Category->show('newcate')
 3 SYSTEMPATH\CodeIgniter.php(494): CodeIgniter\CodeIgniter->runController(Object(App\Controllers\Category))
 4 SYSTEMPATH\CodeIgniter.php(353): CodeIgniter\CodeIgniter->handleRequest(null, Object(Config\Cache), false)
 5 FCPATH\index.php(79): CodeIgniter\CodeIgniter->run()
CRITICAL - 2023-11-01 08:12:12 --> Undefined array key "title"
in APPPATH\Controllers\Category.php on line 29.
 1 APPPATH\Controllers\Category.php(29): CodeIgniter\Debug\Exceptions->errorHandler(2, 'Undefined array key "title"', 'C:\\xampp\\htdocs\\CI4\\app\\Controllers\\Category.php', 29)
 2 SYSTEMPATH\CodeIgniter.php(919): App\Controllers\Category->show('newcate')
 3 SYSTEMPATH\CodeIgniter.php(494): CodeIgniter\CodeIgniter->runController(Object(App\Controllers\Category))
 4 SYSTEMPATH\CodeIgniter.php(353): CodeIgniter\CodeIgniter->handleRequest(null, Object(Config\Cache), false)
 5 FCPATH\index.php(79): CodeIgniter\CodeIgniter->run()
CRITICAL - 2023-11-01 08:12:12 --> Undefined array key "title"
in APPPATH\Controllers\Category.php on line 29.
 1 APPPATH\Controllers\Category.php(29): CodeIgniter\Debug\Exceptions->errorHandler(2, 'Undefined array key "title"', 'C:\\xampp\\htdocs\\CI4\\app\\Controllers\\Category.php', 29)
 2 SYSTEMPATH\CodeIgniter.php(919): App\Controllers\Category->show('newcate')
 3 SYSTEMPATH\CodeIgniter.php(494): CodeIgniter\CodeIgniter->runController(Object(App\Controllers\Category))
 4 SYSTEMPATH\CodeIgniter.php(353): CodeIgniter\CodeIgniter->handleRequest(null, Object(Config\Cache), false)
 5 FCPATH\index.php(79): CodeIgniter\CodeIgniter->run()
CRITICAL - 2023-11-01 08:12:12 --> Undefined array key "title"
in APPPATH\Controllers\Category.php on line 29.
 1 APPPATH\Controllers\Category.php(29): CodeIgniter\Debug\Exceptions->errorHandler(2, 'Undefined array key "title"', 'C:\\xampp\\htdocs\\CI4\\app\\Controllers\\Category.php', 29)
 2 SYSTEMPATH\CodeIgniter.php(919): App\Controllers\Category->show('newcate')
 3 SYSTEMPATH\CodeIgniter.php(494): CodeIgniter\CodeIgniter->runController(Object(App\Controllers\Category))
 4 SYSTEMPATH\CodeIgniter.php(353): CodeIgniter\CodeIgniter->handleRequest(null, Object(Config\Cache), false)
 5 FCPATH\index.php(79): CodeIgniter\CodeIgniter->run()
CRITICAL - 2023-11-01 08:12:12 --> Undefined array key "title"
in APPPATH\Controllers\Category.php on line 29.
 1 APPPATH\Controllers\Category.php(29): CodeIgniter\Debug\Exceptions->errorHandler(2, 'Undefined array key "title"', 'C:\\xampp\\htdocs\\CI4\\app\\Controllers\\Category.php', 29)
 2 SYSTEMPATH\CodeIgniter.php(919): App\Controllers\Category->show('newcate')
 3 SYSTEMPATH\CodeIgniter.php(494): CodeIgniter\CodeIgniter->runController(Object(App\Controllers\Category))
 4 SYSTEMPATH\CodeIgniter.php(353): CodeIgniter\CodeIgniter->handleRequest(null, Object(Config\Cache), false)
 5 FCPATH\index.php(79): CodeIgniter\CodeIgniter->run()
CRITICAL - 2023-11-01 08:12:13 --> Undefined array key "title"
in APPPATH\Controllers\Category.php on line 29.
 1 APPPATH\Controllers\Category.php(29): CodeIgniter\Debug\Exceptions->errorHandler(2, 'Undefined array key "title"', 'C:\\xampp\\htdocs\\CI4\\app\\Controllers\\Category.php', 29)
 2 SYSTEMPATH\CodeIgniter.php(919): App\Controllers\Category->show('newcate')
 3 SYSTEMPATH\CodeIgniter.php(494): CodeIgniter\CodeIgniter->runController(Object(App\Controllers\Category))
 4 SYSTEMPATH\CodeIgniter.php(353): CodeIgniter\CodeIgniter->handleRequest(null, Object(Config\Cache), false)
 5 FCPATH\index.php(79): CodeIgniter\CodeIgniter->run()
CRITICAL - 2023-11-01 08:12:13 --> Undefined array key "title"
in APPPATH\Controllers\Category.php on line 29.
 1 APPPATH\Controllers\Category.php(29): CodeIgniter\Debug\Exceptions->errorHandler(2, 'Undefined array key "title"', 'C:\\xampp\\htdocs\\CI4\\app\\Controllers\\Category.php', 29)
 2 SYSTEMPATH\CodeIgniter.php(919): App\Controllers\Category->show('newcate')
 3 SYSTEMPATH\CodeIgniter.php(494): CodeIgniter\CodeIgniter->runController(Object(App\Controllers\Category))
 4 SYSTEMPATH\CodeIgniter.php(353): CodeIgniter\CodeIgniter->handleRequest(null, Object(Config\Cache), false)
 5 FCPATH\index.php(79): CodeIgniter\CodeIgniter->run()
CRITICAL - 2023-11-01 08:12:13 --> Undefined array key "title"
in APPPATH\Controllers\Category.php on line 29.
 1 APPPATH\Controllers\Category.php(29): CodeIgniter\Debug\Exceptions->errorHandler(2, 'Undefined array key "title"', 'C:\\xampp\\htdocs\\CI4\\app\\Controllers\\Category.php', 29)
 2 SYSTEMPATH\CodeIgniter.php(919): App\Controllers\Category->show('newcate')
 3 SYSTEMPATH\CodeIgniter.php(494): CodeIgniter\CodeIgniter->runController(Object(App\Controllers\Category))
 4 SYSTEMPATH\CodeIgniter.php(353): CodeIgniter\CodeIgniter->handleRequest(null, Object(Config\Cache), false)
 5 FCPATH\index.php(79): CodeIgniter\CodeIgniter->run()
CRITICAL - 2023-11-01 08:12:32 --> Undefined array key "title"
in APPPATH\Controllers\Category.php on line 29.
 1 APPPATH\Controllers\Category.php(29): CodeIgniter\Debug\Exceptions->errorHandler(2, 'Undefined array key "title"', 'C:\\xampp\\htdocs\\CI4\\app\\Controllers\\Category.php', 29)
 2 SYSTEMPATH\CodeIgniter.php(919): App\Controllers\Category->show('newcate')
 3 SYSTEMPATH\CodeIgniter.php(494): CodeIgniter\CodeIgniter->runController(Object(App\Controllers\Category))
 4 SYSTEMPATH\CodeIgniter.php(353): CodeIgniter\CodeIgniter->handleRequest(null, Object(Config\Cache), false)
 5 FCPATH\index.php(79): CodeIgniter\CodeIgniter->run()
CRITICAL - 2023-11-01 08:12:33 --> Undefined array key "title"
in APPPATH\Controllers\Category.php on line 29.
 1 APPPATH\Controllers\Category.php(29): CodeIgniter\Debug\Exceptions->errorHandler(2, 'Undefined array key "title"', 'C:\\xampp\\htdocs\\CI4\\app\\Controllers\\Category.php', 29)
 2 SYSTEMPATH\CodeIgniter.php(919): App\Controllers\Category->show('newcate')
 3 SYSTEMPATH\CodeIgniter.php(494): CodeIgniter\CodeIgniter->runController(Object(App\Controllers\Category))
 4 SYSTEMPATH\CodeIgniter.php(353): CodeIgniter\CodeIgniter->handleRequest(null, Object(Config\Cache), false)
 5 FCPATH\index.php(79): CodeIgniter\CodeIgniter->run()
CRITICAL - 2023-11-01 08:12:33 --> Undefined array key "title"
in APPPATH\Controllers\Category.php on line 29.
 1 APPPATH\Controllers\Category.php(29): CodeIgniter\Debug\Exceptions->errorHandler(2, 'Undefined array key "title"', 'C:\\xampp\\htdocs\\CI4\\app\\Controllers\\Category.php', 29)
 2 SYSTEMPATH\CodeIgniter.php(919): App\Controllers\Category->show('newcate')
 3 SYSTEMPATH\CodeIgniter.php(494): CodeIgniter\CodeIgniter->runController(Object(App\Controllers\Category))
 4 SYSTEMPATH\CodeIgniter.php(353): CodeIgniter\CodeIgniter->handleRequest(null, Object(Config\Cache), false)
 5 FCPATH\index.php(79): CodeIgniter\CodeIgniter->run()
CRITICAL - 2023-11-01 08:12:33 --> Undefined array key "title"
in APPPATH\Controllers\Category.php on line 29.
 1 APPPATH\Controllers\Category.php(29): CodeIgniter\Debug\Exceptions->errorHandler(2, 'Undefined array key "title"', 'C:\\xampp\\htdocs\\CI4\\app\\Controllers\\Category.php', 29)
 2 SYSTEMPATH\CodeIgniter.php(919): App\Controllers\Category->show('newcate')
 3 SYSTEMPATH\CodeIgniter.php(494): CodeIgniter\CodeIgniter->runController(Object(App\Controllers\Category))
 4 SYSTEMPATH\CodeIgniter.php(353): CodeIgniter\CodeIgniter->handleRequest(null, Object(Config\Cache), false)
 5 FCPATH\index.php(79): CodeIgniter\CodeIgniter->run()
CRITICAL - 2023-11-01 08:12:34 --> Undefined array key "title"
in APPPATH\Controllers\Category.php on line 29.
 1 APPPATH\Controllers\Category.php(29): CodeIgniter\Debug\Exceptions->errorHandler(2, 'Undefined array key "title"', 'C:\\xampp\\htdocs\\CI4\\app\\Controllers\\Category.php', 29)
 2 SYSTEMPATH\CodeIgniter.php(919): App\Controllers\Category->show('newcate')
 3 SYSTEMPATH\CodeIgniter.php(494): CodeIgniter\CodeIgniter->runController(Object(App\Controllers\Category))
 4 SYSTEMPATH\CodeIgniter.php(353): CodeIgniter\CodeIgniter->handleRequest(null, Object(Config\Cache), false)
 5 FCPATH\index.php(79): CodeIgniter\CodeIgniter->run()
CRITICAL - 2023-11-01 08:12:34 --> Undefined array key "title"
in APPPATH\Controllers\Category.php on line 29.
 1 APPPATH\Controllers\Category.php(29): CodeIgniter\Debug\Exceptions->errorHandler(2, 'Undefined array key "title"', 'C:\\xampp\\htdocs\\CI4\\app\\Controllers\\Category.php', 29)
 2 SYSTEMPATH\CodeIgniter.php(919): App\Controllers\Category->show('newcate')
 3 SYSTEMPATH\CodeIgniter.php(494): CodeIgniter\CodeIgniter->runController(Object(App\Controllers\Category))
 4 SYSTEMPATH\CodeIgniter.php(353): CodeIgniter\CodeIgniter->handleRequest(null, Object(Config\Cache), false)
 5 FCPATH\index.php(79): CodeIgniter\CodeIgniter->run()
CRITICAL - 2023-11-01 08:12:34 --> Undefined array key "title"
in APPPATH\Controllers\Category.php on line 29.
 1 APPPATH\Controllers\Category.php(29): CodeIgniter\Debug\Exceptions->errorHandler(2, 'Undefined array key "title"', 'C:\\xampp\\htdocs\\CI4\\app\\Controllers\\Category.php', 29)
 2 SYSTEMPATH\CodeIgniter.php(919): App\Controllers\Category->show('newcate')
 3 SYSTEMPATH\CodeIgniter.php(494): CodeIgniter\CodeIgniter->runController(Object(App\Controllers\Category))
 4 SYSTEMPATH\CodeIgniter.php(353): CodeIgniter\CodeIgniter->handleRequest(null, Object(Config\Cache), false)
 5 FCPATH\index.php(79): CodeIgniter\CodeIgniter->run()
CRITICAL - 2023-11-01 08:12:34 --> Undefined array key "title"
in APPPATH\Controllers\Category.php on line 29.
 1 APPPATH\Controllers\Category.php(29): CodeIgniter\Debug\Exceptions->errorHandler(2, 'Undefined array key "title"', 'C:\\xampp\\htdocs\\CI4\\app\\Controllers\\Category.php', 29)
 2 SYSTEMPATH\CodeIgniter.php(919): App\Controllers\Category->show('newcate')
 3 SYSTEMPATH\CodeIgniter.php(494): CodeIgniter\CodeIgniter->runController(Object(App\Controllers\Category))
 4 SYSTEMPATH\CodeIgniter.php(353): CodeIgniter\CodeIgniter->handleRequest(null, Object(Config\Cache), false)
 5 FCPATH\index.php(79): CodeIgniter\CodeIgniter->run()
CRITICAL - 2023-11-01 08:12:35 --> Undefined array key "title"
in APPPATH\Controllers\Category.php on line 29.
 1 APPPATH\Controllers\Category.php(29): CodeIgniter\Debug\Exceptions->errorHandler(2, 'Undefined array key "title"', 'C:\\xampp\\htdocs\\CI4\\app\\Controllers\\Category.php', 29)
 2 SYSTEMPATH\CodeIgniter.php(919): App\Controllers\Category->show('newcate')
 3 SYSTEMPATH\CodeIgniter.php(494): CodeIgniter\CodeIgniter->runController(Object(App\Controllers\Category))
 4 SYSTEMPATH\CodeIgniter.php(353): CodeIgniter\CodeIgniter->handleRequest(null, Object(Config\Cache), false)
 5 FCPATH\index.php(79): CodeIgniter\CodeIgniter->run()
CRITICAL - 2023-11-01 08:12:35 --> Undefined array key "title"
in APPPATH\Controllers\Category.php on line 29.
 1 APPPATH\Controllers\Category.php(29): CodeIgniter\Debug\Exceptions->errorHandler(2, 'Undefined array key "title"', 'C:\\xampp\\htdocs\\CI4\\app\\Controllers\\Category.php', 29)
 2 SYSTEMPATH\CodeIgniter.php(919): App\Controllers\Category->show('newcate')
 3 SYSTEMPATH\CodeIgniter.php(494): CodeIgniter\CodeIgniter->runController(Object(App\Controllers\Category))
 4 SYSTEMPATH\CodeIgniter.php(353): CodeIgniter\CodeIgniter->handleRequest(null, Object(Config\Cache), false)
 5 FCPATH\index.php(79): CodeIgniter\CodeIgniter->run()
CRITICAL - 2023-11-01 08:12:35 --> Undefined array key "title"
in APPPATH\Controllers\Category.php on line 29.
 1 APPPATH\Controllers\Category.php(29): CodeIgniter\Debug\Exceptions->errorHandler(2, 'Undefined array key "title"', 'C:\\xampp\\htdocs\\CI4\\app\\Controllers\\Category.php', 29)
 2 SYSTEMPATH\CodeIgniter.php(919): App\Controllers\Category->show('newcate')
 3 SYSTEMPATH\CodeIgniter.php(494): CodeIgniter\CodeIgniter->runController(Object(App\Controllers\Category))
 4 SYSTEMPATH\CodeIgniter.php(353): CodeIgniter\CodeIgniter->handleRequest(null, Object(Config\Cache), false)
 5 FCPATH\index.php(79): CodeIgniter\CodeIgniter->run()
CRITICAL - 2023-11-01 08:12:36 --> Undefined array key "title"
in APPPATH\Controllers\Category.php on line 29.
 1 APPPATH\Controllers\Category.php(29): CodeIgniter\Debug\Exceptions->errorHandler(2, 'Undefined array key "title"', 'C:\\xampp\\htdocs\\CI4\\app\\Controllers\\Category.php', 29)
 2 SYSTEMPATH\CodeIgniter.php(919): App\Controllers\Category->show('newcate')
 3 SYSTEMPATH\CodeIgniter.php(494): CodeIgniter\CodeIgniter->runController(Object(App\Controllers\Category))
 4 SYSTEMPATH\CodeIgniter.php(353): CodeIgniter\CodeIgniter->handleRequest(null, Object(Config\Cache), false)
 5 FCPATH\index.php(79): CodeIgniter\CodeIgniter->run()
CRITICAL - 2023-11-01 08:12:50 --> Undefined array key "title"
in APPPATH\Controllers\Category.php on line 29.
 1 APPPATH\Controllers\Category.php(29): CodeIgniter\Debug\Exceptions->errorHandler(2, 'Undefined array key "title"', 'C:\\xampp\\htdocs\\CI4\\app\\Controllers\\Category.php', 29)
 2 SYSTEMPATH\CodeIgniter.php(919): App\Controllers\Category->show('newcate')
 3 SYSTEMPATH\CodeIgniter.php(494): CodeIgniter\CodeIgniter->runController(Object(App\Controllers\Category))
 4 SYSTEMPATH\CodeIgniter.php(353): CodeIgniter\CodeIgniter->handleRequest(null, Object(Config\Cache), false)
 5 FCPATH\index.php(79): CodeIgniter\CodeIgniter->run()
CRITICAL - 2023-11-01 08:15:14 --> Undefined array key "title"
in APPPATH\Controllers\Category.php on line 29.
 1 APPPATH\Controllers\Category.php(29): CodeIgniter\Debug\Exceptions->errorHandler(2, 'Undefined array key "title"', 'C:\\xampp\\htdocs\\CI4\\app\\Controllers\\Category.php', 29)
 2 SYSTEMPATH\CodeIgniter.php(919): App\Controllers\Category->show('newcate')
 3 SYSTEMPATH\CodeIgniter.php(494): CodeIgniter\CodeIgniter->runController(Object(App\Controllers\Category))
 4 SYSTEMPATH\CodeIgniter.php(353): CodeIgniter\CodeIgniter->handleRequest(null, Object(Config\Cache), false)
 5 FCPATH\index.php(79): CodeIgniter\CodeIgniter->run()
CRITICAL - 2023-11-01 08:15:14 --> Undefined array key "title"
in APPPATH\Controllers\Category.php on line 29.
 1 APPPATH\Controllers\Category.php(29): CodeIgniter\Debug\Exceptions->errorHandler(2, 'Undefined array key "title"', 'C:\\xampp\\htdocs\\CI4\\app\\Controllers\\Category.php', 29)
 2 SYSTEMPATH\CodeIgniter.php(919): App\Controllers\Category->show('newcate')
 3 SYSTEMPATH\CodeIgniter.php(494): CodeIgniter\CodeIgniter->runController(Object(App\Controllers\Category))
 4 SYSTEMPATH\CodeIgniter.php(353): CodeIgniter\CodeIgniter->handleRequest(null, Object(Config\Cache), false)
 5 FCPATH\index.php(79): CodeIgniter\CodeIgniter->run()
CRITICAL - 2023-11-01 08:15:39 --> Undefined array key "title"
in APPPATH\Controllers\Category.php on line 29.
 1 APPPATH\Controllers\Category.php(29): CodeIgniter\Debug\Exceptions->errorHandler(2, 'Undefined array key "title"', 'C:\\xampp\\htdocs\\CI4\\app\\Controllers\\Category.php', 29)
 2 SYSTEMPATH\CodeIgniter.php(919): App\Controllers\Category->show('newcate')
 3 SYSTEMPATH\CodeIgniter.php(494): CodeIgniter\CodeIgniter->runController(Object(App\Controllers\Category))
 4 SYSTEMPATH\CodeIgniter.php(353): CodeIgniter\CodeIgniter->handleRequest(null, Object(Config\Cache), false)
 5 FCPATH\index.php(79): CodeIgniter\CodeIgniter->run()
CRITICAL - 2023-11-01 08:15:39 --> Undefined array key "title"
in APPPATH\Controllers\Category.php on line 29.
 1 APPPATH\Controllers\Category.php(29): CodeIgniter\Debug\Exceptions->errorHandler(2, 'Undefined array key "title"', 'C:\\xampp\\htdocs\\CI4\\app\\Controllers\\Category.php', 29)
 2 SYSTEMPATH\CodeIgniter.php(919): App\Controllers\Category->show('newcate')
 3 SYSTEMPATH\CodeIgniter.php(494): CodeIgniter\CodeIgniter->runController(Object(App\Controllers\Category))
 4 SYSTEMPATH\CodeIgniter.php(353): CodeIgniter\CodeIgniter->handleRequest(null, Object(Config\Cache), false)
 5 FCPATH\index.php(79): CodeIgniter\CodeIgniter->run()
CRITICAL - 2023-11-01 08:15:40 --> Undefined array key "title"
in APPPATH\Controllers\Category.php on line 29.
 1 APPPATH\Controllers\Category.php(29): CodeIgniter\Debug\Exceptions->errorHandler(2, 'Undefined array key "title"', 'C:\\xampp\\htdocs\\CI4\\app\\Controllers\\Category.php', 29)
 2 SYSTEMPATH\CodeIgniter.php(919): App\Controllers\Category->show('newcate')
 3 SYSTEMPATH\CodeIgniter.php(494): CodeIgniter\CodeIgniter->runController(Object(App\Controllers\Category))
 4 SYSTEMPATH\CodeIgniter.php(353): CodeIgniter\CodeIgniter->handleRequest(null, Object(Config\Cache), false)
 5 FCPATH\index.php(79): CodeIgniter\CodeIgniter->run()
CRITICAL - 2023-11-01 08:15:40 --> Undefined array key "title"
in APPPATH\Controllers\Category.php on line 29.
 1 APPPATH\Controllers\Category.php(29): CodeIgniter\Debug\Exceptions->errorHandler(2, 'Undefined array key "title"', 'C:\\xampp\\htdocs\\CI4\\app\\Controllers\\Category.php', 29)
 2 SYSTEMPATH\CodeIgniter.php(919): App\Controllers\Category->show('newcate')
 3 SYSTEMPATH\CodeIgniter.php(494): CodeIgniter\CodeIgniter->runController(Object(App\Controllers\Category))
 4 SYSTEMPATH\CodeIgniter.php(353): CodeIgniter\CodeIgniter->handleRequest(null, Object(Config\Cache), false)
 5 FCPATH\index.php(79): CodeIgniter\CodeIgniter->run()
CRITICAL - 2023-11-01 08:15:40 --> Undefined array key "title"
in APPPATH\Controllers\Category.php on line 29.
 1 APPPATH\Controllers\Category.php(29): CodeIgniter\Debug\Exceptions->errorHandler(2, 'Undefined array key "title"', 'C:\\xampp\\htdocs\\CI4\\app\\Controllers\\Category.php', 29)
 2 SYSTEMPATH\CodeIgniter.php(919): App\Controllers\Category->show('newcate')
 3 SYSTEMPATH\CodeIgniter.php(494): CodeIgniter\CodeIgniter->runController(Object(App\Controllers\Category))
 4 SYSTEMPATH\CodeIgniter.php(353): CodeIgniter\CodeIgniter->handleRequest(null, Object(Config\Cache), false)
 5 FCPATH\index.php(79): CodeIgniter\CodeIgniter->run()
CRITICAL - 2023-11-01 08:15:40 --> Undefined array key "title"
in APPPATH\Controllers\Category.php on line 29.
 1 APPPATH\Controllers\Category.php(29): CodeIgniter\Debug\Exceptions->errorHandler(2, 'Undefined array key "title"', 'C:\\xampp\\htdocs\\CI4\\app\\Controllers\\Category.php', 29)
 2 SYSTEMPATH\CodeIgniter.php(919): App\Controllers\Category->show('newcate')
 3 SYSTEMPATH\CodeIgniter.php(494): CodeIgniter\CodeIgniter->runController(Object(App\Controllers\Category))
 4 SYSTEMPATH\CodeIgniter.php(353): CodeIgniter\CodeIgniter->handleRequest(null, Object(Config\Cache), false)
 5 FCPATH\index.php(79): CodeIgniter\CodeIgniter->run()
CRITICAL - 2023-11-01 08:15:40 --> Undefined array key "title"
in APPPATH\Controllers\Category.php on line 29.
 1 APPPATH\Controllers\Category.php(29): CodeIgniter\Debug\Exceptions->errorHandler(2, 'Undefined array key "title"', 'C:\\xampp\\htdocs\\CI4\\app\\Controllers\\Category.php', 29)
 2 SYSTEMPATH\CodeIgniter.php(919): App\Controllers\Category->show('newcate')
 3 SYSTEMPATH\CodeIgniter.php(494): CodeIgniter\CodeIgniter->runController(Object(App\Controllers\Category))
 4 SYSTEMPATH\CodeIgniter.php(353): CodeIgniter\CodeIgniter->handleRequest(null, Object(Config\Cache), false)
 5 FCPATH\index.php(79): CodeIgniter\CodeIgniter->run()
CRITICAL - 2023-11-01 08:15:40 --> Undefined array key "title"
in APPPATH\Controllers\Category.php on line 29.
 1 APPPATH\Controllers\Category.php(29): CodeIgniter\Debug\Exceptions->errorHandler(2, 'Undefined array key "title"', 'C:\\xampp\\htdocs\\CI4\\app\\Controllers\\Category.php', 29)
 2 SYSTEMPATH\CodeIgniter.php(919): App\Controllers\Category->show('newcate')
 3 SYSTEMPATH\CodeIgniter.php(494): CodeIgniter\CodeIgniter->runController(Object(App\Controllers\Category))
 4 SYSTEMPATH\CodeIgniter.php(353): CodeIgniter\CodeIgniter->handleRequest(null, Object(Config\Cache), false)
 5 FCPATH\index.php(79): CodeIgniter\CodeIgniter->run()
CRITICAL - 2023-11-01 08:15:41 --> Undefined array key "title"
in APPPATH\Controllers\Category.php on line 29.
 1 APPPATH\Controllers\Category.php(29): CodeIgniter\Debug\Exceptions->errorHandler(2, 'Undefined array key "title"', 'C:\\xampp\\htdocs\\CI4\\app\\Controllers\\Category.php', 29)
 2 SYSTEMPATH\CodeIgniter.php(919): App\Controllers\Category->show('newcate')
 3 SYSTEMPATH\CodeIgniter.php(494): CodeIgniter\CodeIgniter->runController(Object(App\Controllers\Category))
 4 SYSTEMPATH\CodeIgniter.php(353): CodeIgniter\CodeIgniter->handleRequest(null, Object(Config\Cache), false)
 5 FCPATH\index.php(79): CodeIgniter\CodeIgniter->run()
CRITICAL - 2023-11-01 08:15:41 --> Undefined array key "title"
in APPPATH\Controllers\Category.php on line 29.
 1 APPPATH\Controllers\Category.php(29): CodeIgniter\Debug\Exceptions->errorHandler(2, 'Undefined array key "title"', 'C:\\xampp\\htdocs\\CI4\\app\\Controllers\\Category.php', 29)
 2 SYSTEMPATH\CodeIgniter.php(919): App\Controllers\Category->show('newcate')
 3 SYSTEMPATH\CodeIgniter.php(494): CodeIgniter\CodeIgniter->runController(Object(App\Controllers\Category))
 4 SYSTEMPATH\CodeIgniter.php(353): CodeIgniter\CodeIgniter->handleRequest(null, Object(Config\Cache), false)
 5 FCPATH\index.php(79): CodeIgniter\CodeIgniter->run()
CRITICAL - 2023-11-01 08:15:41 --> Undefined array key "title"
in APPPATH\Controllers\Category.php on line 29.
 1 APPPATH\Controllers\Category.php(29): CodeIgniter\Debug\Exceptions->errorHandler(2, 'Undefined array key "title"', 'C:\\xampp\\htdocs\\CI4\\app\\Controllers\\Category.php', 29)
 2 SYSTEMPATH\CodeIgniter.php(919): App\Controllers\Category->show('newcate')
 3 SYSTEMPATH\CodeIgniter.php(494): CodeIgniter\CodeIgniter->runController(Object(App\Controllers\Category))
 4 SYSTEMPATH\CodeIgniter.php(353): CodeIgniter\CodeIgniter->handleRequest(null, Object(Config\Cache), false)
 5 FCPATH\index.php(79): CodeIgniter\CodeIgniter->run()
CRITICAL - 2023-11-01 08:16:05 --> Undefined array key "title"
in APPPATH\Controllers\Category.php on line 29.
 1 APPPATH\Controllers\Category.php(29): CodeIgniter\Debug\Exceptions->errorHandler(2, 'Undefined array key "title"', 'C:\\xampp\\htdocs\\CI4\\app\\Controllers\\Category.php', 29)
 2 SYSTEMPATH\CodeIgniter.php(919): App\Controllers\Category->show('newcate')
 3 SYSTEMPATH\CodeIgniter.php(494): CodeIgniter\CodeIgniter->runController(Object(App\Controllers\Category))
 4 SYSTEMPATH\CodeIgniter.php(353): CodeIgniter\CodeIgniter->handleRequest(null, Object(Config\Cache), false)
 5 FCPATH\index.php(79): CodeIgniter\CodeIgniter->run()
CRITICAL - 2023-11-01 08:16:47 --> Undefined array key "title"
in APPPATH\Controllers\Category.php on line 29.
 1 APPPATH\Controllers\Category.php(29): CodeIgniter\Debug\Exceptions->errorHandler(2, 'Undefined array key "title"', 'C:\\xampp\\htdocs\\CI4\\app\\Controllers\\Category.php', 29)
 2 SYSTEMPATH\CodeIgniter.php(919): App\Controllers\Category->show('newcate')
 3 SYSTEMPATH\CodeIgniter.php(494): CodeIgniter\CodeIgniter->runController(Object(App\Controllers\Category))
 4 SYSTEMPATH\CodeIgniter.php(353): CodeIgniter\CodeIgniter->handleRequest(null, Object(Config\Cache), false)
 5 FCPATH\index.php(79): CodeIgniter\CodeIgniter->run()
CRITICAL - 2023-11-01 08:16:47 --> Undefined array key "title"
in APPPATH\Controllers\Category.php on line 29.
 1 APPPATH\Controllers\Category.php(29): CodeIgniter\Debug\Exceptions->errorHandler(2, 'Undefined array key "title"', 'C:\\xampp\\htdocs\\CI4\\app\\Controllers\\Category.php', 29)
 2 SYSTEMPATH\CodeIgniter.php(919): App\Controllers\Category->show('newcate')
 3 SYSTEMPATH\CodeIgniter.php(494): CodeIgniter\CodeIgniter->runController(Object(App\Controllers\Category))
 4 SYSTEMPATH\CodeIgniter.php(353): CodeIgniter\CodeIgniter->handleRequest(null, Object(Config\Cache), false)
 5 FCPATH\index.php(79): CodeIgniter\CodeIgniter->run()
CRITICAL - 2023-11-01 08:16:47 --> Undefined array key "title"
in APPPATH\Controllers\Category.php on line 29.
 1 APPPATH\Controllers\Category.php(29): CodeIgniter\Debug\Exceptions->errorHandler(2, 'Undefined array key "title"', 'C:\\xampp\\htdocs\\CI4\\app\\Controllers\\Category.php', 29)
 2 SYSTEMPATH\CodeIgniter.php(919): App\Controllers\Category->show('newcate')
 3 SYSTEMPATH\CodeIgniter.php(494): CodeIgniter\CodeIgniter->runController(Object(App\Controllers\Category))
 4 SYSTEMPATH\CodeIgniter.php(353): CodeIgniter\CodeIgniter->handleRequest(null, Object(Config\Cache), false)
 5 FCPATH\index.php(79): CodeIgniter\CodeIgniter->run()
CRITICAL - 2023-11-01 08:16:48 --> Undefined array key "title"
in APPPATH\Controllers\Category.php on line 29.
 1 APPPATH\Controllers\Category.php(29): CodeIgniter\Debug\Exceptions->errorHandler(2, 'Undefined array key "title"', 'C:\\xampp\\htdocs\\CI4\\app\\Controllers\\Category.php', 29)
 2 SYSTEMPATH\CodeIgniter.php(919): App\Controllers\Category->show('newcate')
 3 SYSTEMPATH\CodeIgniter.php(494): CodeIgniter\CodeIgniter->runController(Object(App\Controllers\Category))
 4 SYSTEMPATH\CodeIgniter.php(353): CodeIgniter\CodeIgniter->handleRequest(null, Object(Config\Cache), false)
 5 FCPATH\index.php(79): CodeIgniter\CodeIgniter->run()
CRITICAL - 2023-11-01 08:16:48 --> Undefined array key "title"
in APPPATH\Controllers\Category.php on line 29.
 1 APPPATH\Controllers\Category.php(29): CodeIgniter\Debug\Exceptions->errorHandler(2, 'Undefined array key "title"', 'C:\\xampp\\htdocs\\CI4\\app\\Controllers\\Category.php', 29)
 2 SYSTEMPATH\CodeIgniter.php(919): App\Controllers\Category->show('newcate')
 3 SYSTEMPATH\CodeIgniter.php(494): CodeIgniter\CodeIgniter->runController(Object(App\Controllers\Category))
 4 SYSTEMPATH\CodeIgniter.php(353): CodeIgniter\CodeIgniter->handleRequest(null, Object(Config\Cache), false)
 5 FCPATH\index.php(79): CodeIgniter\CodeIgniter->run()
CRITICAL - 2023-11-01 08:16:52 --> Undefined array key "title"
in APPPATH\Controllers\Category.php on line 29.
 1 APPPATH\Controllers\Category.php(29): CodeIgniter\Debug\Exceptions->errorHandler(2, 'Undefined array key "title"', 'C:\\xampp\\htdocs\\CI4\\app\\Controllers\\Category.php', 29)
 2 SYSTEMPATH\CodeIgniter.php(919): App\Controllers\Category->show('newcate')
 3 SYSTEMPATH\CodeIgniter.php(494): CodeIgniter\CodeIgniter->runController(Object(App\Controllers\Category))
 4 SYSTEMPATH\CodeIgniter.php(353): CodeIgniter\CodeIgniter->handleRequest(null, Object(Config\Cache), false)
 5 FCPATH\index.php(79): CodeIgniter\CodeIgniter->run()
CRITICAL - 2023-11-01 08:16:53 --> Undefined array key "title"
in APPPATH\Controllers\Category.php on line 29.
 1 APPPATH\Controllers\Category.php(29): CodeIgniter\Debug\Exceptions->errorHandler(2, 'Undefined array key "title"', 'C:\\xampp\\htdocs\\CI4\\app\\Controllers\\Category.php', 29)
 2 SYSTEMPATH\CodeIgniter.php(919): App\Controllers\Category->show('newcate')
 3 SYSTEMPATH\CodeIgniter.php(494): CodeIgniter\CodeIgniter->runController(Object(App\Controllers\Category))
 4 SYSTEMPATH\CodeIgniter.php(353): CodeIgniter\CodeIgniter->handleRequest(null, Object(Config\Cache), false)
 5 FCPATH\index.php(79): CodeIgniter\CodeIgniter->run()
CRITICAL - 2023-11-01 08:16:53 --> Undefined array key "title"
in APPPATH\Controllers\Category.php on line 29.
 1 APPPATH\Controllers\Category.php(29): CodeIgniter\Debug\Exceptions->errorHandler(2, 'Undefined array key "title"', 'C:\\xampp\\htdocs\\CI4\\app\\Controllers\\Category.php', 29)
 2 SYSTEMPATH\CodeIgniter.php(919): App\Controllers\Category->show('newcate')
 3 SYSTEMPATH\CodeIgniter.php(494): CodeIgniter\CodeIgniter->runController(Object(App\Controllers\Category))
 4 SYSTEMPATH\CodeIgniter.php(353): CodeIgniter\CodeIgniter->handleRequest(null, Object(Config\Cache), false)
 5 FCPATH\index.php(79): CodeIgniter\CodeIgniter->run()
CRITICAL - 2023-11-01 08:16:53 --> Undefined array key "title"
in APPPATH\Controllers\Category.php on line 29.
 1 APPPATH\Controllers\Category.php(29): CodeIgniter\Debug\Exceptions->errorHandler(2, 'Undefined array key "title"', 'C:\\xampp\\htdocs\\CI4\\app\\Controllers\\Category.php', 29)
 2 SYSTEMPATH\CodeIgniter.php(919): App\Controllers\Category->show('newcate')
 3 SYSTEMPATH\CodeIgniter.php(494): CodeIgniter\CodeIgniter->runController(Object(App\Controllers\Category))
 4 SYSTEMPATH\CodeIgniter.php(353): CodeIgniter\CodeIgniter->handleRequest(null, Object(Config\Cache), false)
 5 FCPATH\index.php(79): CodeIgniter\CodeIgniter->run()
CRITICAL - 2023-11-01 08:16:53 --> Undefined array key "title"
in APPPATH\Controllers\Category.php on line 29.
 1 APPPATH\Controllers\Category.php(29): CodeIgniter\Debug\Exceptions->errorHandler(2, 'Undefined array key "title"', 'C:\\xampp\\htdocs\\CI4\\app\\Controllers\\Category.php', 29)
 2 SYSTEMPATH\CodeIgniter.php(919): App\Controllers\Category->show('newcate')
 3 SYSTEMPATH\CodeIgniter.php(494): CodeIgniter\CodeIgniter->runController(Object(App\Controllers\Category))
 4 SYSTEMPATH\CodeIgniter.php(353): CodeIgniter\CodeIgniter->handleRequest(null, Object(Config\Cache), false)
 5 FCPATH\index.php(79): CodeIgniter\CodeIgniter->run()
CRITICAL - 2023-11-01 08:17:11 --> Undefined array key "title"
in APPPATH\Controllers\Category.php on line 29.
 1 APPPATH\Controllers\Category.php(29): CodeIgniter\Debug\Exceptions->errorHandler(2, 'Undefined array key "title"', 'C:\\xampp\\htdocs\\CI4\\app\\Controllers\\Category.php', 29)
 2 SYSTEMPATH\CodeIgniter.php(919): App\Controllers\Category->show('newcate')
 3 SYSTEMPATH\CodeIgniter.php(494): CodeIgniter\CodeIgniter->runController(Object(App\Controllers\Category))
 4 SYSTEMPATH\CodeIgniter.php(353): CodeIgniter\CodeIgniter->handleRequest(null, Object(Config\Cache), false)
 5 FCPATH\index.php(79): CodeIgniter\CodeIgniter->run()
CRITICAL - 2023-11-01 08:17:11 --> Undefined array key "title"
in APPPATH\Controllers\Category.php on line 29.
 1 APPPATH\Controllers\Category.php(29): CodeIgniter\Debug\Exceptions->errorHandler(2, 'Undefined array key "title"', 'C:\\xampp\\htdocs\\CI4\\app\\Controllers\\Category.php', 29)
 2 SYSTEMPATH\CodeIgniter.php(919): App\Controllers\Category->show('newcate')
 3 SYSTEMPATH\CodeIgniter.php(494): CodeIgniter\CodeIgniter->runController(Object(App\Controllers\Category))
 4 SYSTEMPATH\CodeIgniter.php(353): CodeIgniter\CodeIgniter->handleRequest(null, Object(Config\Cache), false)
 5 FCPATH\index.php(79): CodeIgniter\CodeIgniter->run()
CRITICAL - 2023-11-01 08:17:12 --> Undefined array key "title"
in APPPATH\Controllers\Category.php on line 29.
 1 APPPATH\Controllers\Category.php(29): CodeIgniter\Debug\Exceptions->errorHandler(2, 'Undefined array key "title"', 'C:\\xampp\\htdocs\\CI4\\app\\Controllers\\Category.php', 29)
 2 SYSTEMPATH\CodeIgniter.php(919): App\Controllers\Category->show('newcate')
 3 SYSTEMPATH\CodeIgniter.php(494): CodeIgniter\CodeIgniter->runController(Object(App\Controllers\Category))
 4 SYSTEMPATH\CodeIgniter.php(353): CodeIgniter\CodeIgniter->handleRequest(null, Object(Config\Cache), false)
 5 FCPATH\index.php(79): CodeIgniter\CodeIgniter->run()
CRITICAL - 2023-11-01 08:17:12 --> Undefined array key "title"
in APPPATH\Controllers\Category.php on line 29.
 1 APPPATH\Controllers\Category.php(29): CodeIgniter\Debug\Exceptions->errorHandler(2, 'Undefined array key "title"', 'C:\\xampp\\htdocs\\CI4\\app\\Controllers\\Category.php', 29)
 2 SYSTEMPATH\CodeIgniter.php(919): App\Controllers\Category->show('newcate')
 3 SYSTEMPATH\CodeIgniter.php(494): CodeIgniter\CodeIgniter->runController(Object(App\Controllers\Category))
 4 SYSTEMPATH\CodeIgniter.php(353): CodeIgniter\CodeIgniter->handleRequest(null, Object(Config\Cache), false)
 5 FCPATH\index.php(79): CodeIgniter\CodeIgniter->run()
CRITICAL - 2023-11-01 08:17:12 --> Undefined array key "title"
in APPPATH\Controllers\Category.php on line 29.
 1 APPPATH\Controllers\Category.php(29): CodeIgniter\Debug\Exceptions->errorHandler(2, 'Undefined array key "title"', 'C:\\xampp\\htdocs\\CI4\\app\\Controllers\\Category.php', 29)
 2 SYSTEMPATH\CodeIgniter.php(919): App\Controllers\Category->show('newcate')
 3 SYSTEMPATH\CodeIgniter.php(494): CodeIgniter\CodeIgniter->runController(Object(App\Controllers\Category))
 4 SYSTEMPATH\CodeIgniter.php(353): CodeIgniter\CodeIgniter->handleRequest(null, Object(Config\Cache), false)
 5 FCPATH\index.php(79): CodeIgniter\CodeIgniter->run()
CRITICAL - 2023-11-01 08:18:32 --> Undefined array key "title"
in APPPATH\Controllers\Category.php on line 29.
 1 APPPATH\Controllers\Category.php(29): CodeIgniter\Debug\Exceptions->errorHandler(2, 'Undefined array key "title"', 'C:\\xampp\\htdocs\\CI4\\app\\Controllers\\Category.php', 29)
 2 SYSTEMPATH\CodeIgniter.php(919): App\Controllers\Category->show('newcate')
 3 SYSTEMPATH\CodeIgniter.php(494): CodeIgniter\CodeIgniter->runController(Object(App\Controllers\Category))
 4 SYSTEMPATH\CodeIgniter.php(353): CodeIgniter\CodeIgniter->handleRequest(null, Object(Config\Cache), false)
 5 FCPATH\index.php(79): CodeIgniter\CodeIgniter->run()
INFO - 2023-11-01 08:20:04 --> Session: Class initialized using 'CodeIgniter\Session\Handlers\FileHandler' driver.
CRITICAL - 2023-11-01 08:20:07 --> Undefined array key "categories_name"
in APPPATH\Controllers\Category.php on line 29.
 1 APPPATH\Controllers\Category.php(29): CodeIgniter\Debug\Exceptions->errorHandler(2, 'Undefined array key "categories_name"', 'C:\\xampp\\htdocs\\CI4\\app\\Controllers\\Category.php', 29)
 2 SYSTEMPATH\CodeIgniter.php(919): App\Controllers\Category->show('favicon.ico')
 3 SYSTEMPATH\CodeIgniter.php(494): CodeIgniter\CodeIgniter->runController(Object(App\Controllers\Category))
 4 SYSTEMPATH\CodeIgniter.php(353): CodeIgniter\CodeIgniter->handleRequest(null, Object(Config\Cache), false)
 5 FCPATH\index.php(79): CodeIgniter\CodeIgniter->run()
INFO - 2023-11-01 08:22:51 --> Session: Class initialized using 'CodeIgniter\Session\Handlers\FileHandler' driver.
CRITICAL - 2023-11-01 08:22:52 --> Undefined array key "categories_name"
in APPPATH\Controllers\Category.php on line 29.
 1 APPPATH\Controllers\Category.php(29): CodeIgniter\Debug\Exceptions->errorHandler(2, 'Undefined array key "categories_name"', 'C:\\xampp\\htdocs\\CI4\\app\\Controllers\\Category.php', 29)
 2 SYSTEMPATH\CodeIgniter.php(919): App\Controllers\Category->show('favicon.ico')
 3 SYSTEMPATH\CodeIgniter.php(494): CodeIgniter\CodeIgniter->runController(Object(App\Controllers\Category))
 4 SYSTEMPATH\CodeIgniter.php(353): CodeIgniter\CodeIgniter->handleRequest(null, Object(Config\Cache), false)
 5 FCPATH\index.php(79): CodeIgniter\CodeIgniter->run()
INFO - 2023-11-01 08:22:55 --> CSRF token verified.
CRITICAL - 2023-11-01 08:22:55 --> There is no data to insert.
in SYSTEMPATH\BaseModel.php on line 768.
 1 SYSTEMPATH\BaseModel.php(768): CodeIgniter\Database\Exceptions\DataException::forEmptyDataset('insert')
 2 SYSTEMPATH\Model.php(715): CodeIgniter\BaseModel->insert([], false)
 3 SYSTEMPATH\BaseModel.php(698): CodeIgniter\Model->insert([...], false)
 4 APPPATH\Controllers\Category.php(61): CodeIgniter\BaseModel->save([...])
 5 SYSTEMPATH\CodeIgniter.php(919): App\Controllers\Category->create()
 6 SYSTEMPATH\CodeIgniter.php(494): CodeIgniter\CodeIgniter->runController(Object(App\Controllers\Category))
 7 SYSTEMPATH\CodeIgniter.php(353): CodeIgniter\CodeIgniter->handleRequest(null, Object(Config\Cache), false)
 8 FCPATH\index.php(79): CodeIgniter\CodeIgniter->run()
INFO - 2023-11-01 08:24:52 --> CSRF token verified.
INFO - 2023-11-01 08:27:40 --> Session: Class initialized using 'CodeIgniter\Session\Handlers\FileHandler' driver.
CRITICAL - 2023-11-01 08:27:41 --> Undefined array key "categories_name"
in APPPATH\Controllers\Category.php on line 29.
 1 APPPATH\Controllers\Category.php(29): CodeIgniter\Debug\Exceptions->errorHandler(2, 'Undefined array key "categories_name"', 'C:\\xampp\\htdocs\\CI4\\app\\Controllers\\Category.php', 29)
 2 SYSTEMPATH\CodeIgniter.php(919): App\Controllers\Category->show('favicon.ico')
 3 SYSTEMPATH\CodeIgniter.php(494): CodeIgniter\CodeIgniter->runController(Object(App\Controllers\Category))
 4 SYSTEMPATH\CodeIgniter.php(353): CodeIgniter\CodeIgniter->handleRequest(null, Object(Config\Cache), false)
 5 FCPATH\index.php(79): CodeIgniter\CodeIgniter->run()
INFO - 2023-11-01 08:27:43 --> CSRF token verified.
INFO - 2023-11-01 08:27:43 --> Session: Class initialized using 'CodeIgniter\Session\Handlers\FileHandler' driver.
INFO - 2023-11-01 08:28:02 --> CSRF token verified.
INFO - 2023-11-01 08:28:02 --> Session: Class initialized using 'CodeIgniter\Session\Handlers\FileHandler' driver.
INFO - 2023-11-01 08:29:07 --> CSRF token verified.
INFO - 2023-11-01 08:29:07 --> Session: Class initialized using 'CodeIgniter\Session\Handlers\FileHandler' driver.
INFO - 2023-11-01 08:29:07 --> CSRF token verified.
INFO - 2023-11-01 08:29:07 --> Session: Class initialized using 'CodeIgniter\Session\Handlers\FileHandler' driver.
INFO - 2023-11-01 08:29:16 --> CSRF token verified.
INFO - 2023-11-01 08:29:16 --> Session: Class initialized using 'CodeIgniter\Session\Handlers\FileHandler' driver.
INFO - 2023-11-01 08:29:17 --> CSRF token verified.
INFO - 2023-11-01 08:29:17 --> Session: Class initialized using 'CodeIgniter\Session\Handlers\FileHandler' driver.
CRITICAL - 2023-11-01 08:29:48 --> The action you requested is not allowed.
in SYSTEMPATH\Security\Security.php on line 298.
 1 SYSTEMPATH\Security\Security.php(298): CodeIgniter\Security\Exceptions\SecurityException::forDisallowedAction()
 2 SYSTEMPATH\Filters\CSRF.php(55): CodeIgniter\Security\Security->verify(Object(CodeIgniter\HTTP\IncomingRequest))
 3 SYSTEMPATH\Filters\Filters.php(182): CodeIgniter\Filters\CSRF->before(Object(CodeIgniter\HTTP\IncomingRequest), null)
 4 SYSTEMPATH\CodeIgniter.php(466): CodeIgniter\Filters\Filters->run('cate', 'before')
 5 SYSTEMPATH\CodeIgniter.php(353): CodeIgniter\CodeIgniter->handleRequest(null, Object(Config\Cache), false)
 6 FCPATH\index.php(79): CodeIgniter\CodeIgniter->run()
CRITICAL - 2023-11-01 08:30:04 --> The action you requested is not allowed.
in SYSTEMPATH\Security\Security.php on line 298.
 1 SYSTEMPATH\Security\Security.php(298): CodeIgniter\Security\Exceptions\SecurityException::forDisallowedAction()
 2 SYSTEMPATH\Filters\CSRF.php(55): CodeIgniter\Security\Security->verify(Object(CodeIgniter\HTTP\IncomingRequest))
 3 SYSTEMPATH\Filters\Filters.php(182): CodeIgniter\Filters\CSRF->before(Object(CodeIgniter\HTTP\IncomingRequest), null)
 4 SYSTEMPATH\CodeIgniter.php(466): CodeIgniter\Filters\Filters->run('cate', 'before')
 5 SYSTEMPATH\CodeIgniter.php(353): CodeIgniter\CodeIgniter->handleRequest(null, Object(Config\Cache), false)
 6 FCPATH\index.php(79): CodeIgniter\CodeIgniter->run()
INFO - 2023-11-01 08:30:14 --> Session: Class initialized using 'CodeIgniter\Session\Handlers\FileHandler' driver.
CRITICAL - 2023-11-01 08:30:14 --> Undefined array key "categories_name"
in APPPATH\Controllers\Category.php on line 29.
 1 APPPATH\Controllers\Category.php(29): CodeIgniter\Debug\Exceptions->errorHandler(2, 'Undefined array key "categories_name"', 'C:\\xampp\\htdocs\\CI4\\app\\Controllers\\Category.php', 29)
 2 SYSTEMPATH\CodeIgniter.php(919): App\Controllers\Category->show('favicon.ico')
 3 SYSTEMPATH\CodeIgniter.php(494): CodeIgniter\CodeIgniter->runController(Object(App\Controllers\Category))
 4 SYSTEMPATH\CodeIgniter.php(353): CodeIgniter\CodeIgniter->handleRequest(null, Object(Config\Cache), false)
 5 FCPATH\index.php(79): CodeIgniter\CodeIgniter->run()
INFO - 2023-11-01 08:30:17 --> CSRF token verified.
INFO - 2023-11-01 08:30:17 --> Session: Class initialized using 'CodeIgniter\Session\Handlers\FileHandler' driver.
INFO - 2023-11-01 08:31:41 --> Session: Class initialized using 'CodeIgniter\Session\Handlers\FileHandler' driver.
CRITICAL - 2023-11-01 08:31:42 --> Undefined array key "categories_name"
in APPPATH\Controllers\Category.php on line 29.
 1 APPPATH\Controllers\Category.php(29): CodeIgniter\Debug\Exceptions->errorHandler(2, 'Undefined array key "categories_name"', 'C:\\xampp\\htdocs\\CI4\\app\\Controllers\\Category.php', 29)
 2 SYSTEMPATH\CodeIgniter.php(919): App\Controllers\Category->show('favicon.ico')
 3 SYSTEMPATH\CodeIgniter.php(494): CodeIgniter\CodeIgniter->runController(Object(App\Controllers\Category))
 4 SYSTEMPATH\CodeIgniter.php(353): CodeIgniter\CodeIgniter->handleRequest(null, Object(Config\Cache), false)
 5 FCPATH\index.php(79): CodeIgniter\CodeIgniter->run()
INFO - 2023-11-01 08:31:53 --> CSRF token verified.
INFO - 2023-11-01 08:31:53 --> Session: Class initialized using 'CodeIgniter\Session\Handlers\FileHandler' driver.
INFO - 2023-11-01 08:34:10 --> Session: Class initialized using 'CodeIgniter\Session\Handlers\FileHandler' driver.
CRITICAL - 2023-11-01 08:34:10 --> Undefined array key "categories_name"
in APPPATH\Controllers\Category.php on line 29.
 1 APPPATH\Controllers\Category.php(29): CodeIgniter\Debug\Exceptions->errorHandler(2, 'Undefined array key "categories_name"', 'C:\\xampp\\htdocs\\CI4\\app\\Controllers\\Category.php', 29)
 2 SYSTEMPATH\CodeIgniter.php(919): App\Controllers\Category->show('favicon.ico')
 3 SYSTEMPATH\CodeIgniter.php(494): CodeIgniter\CodeIgniter->runController(Object(App\Controllers\Category))
 4 SYSTEMPATH\CodeIgniter.php(353): CodeIgniter\CodeIgniter->handleRequest(null, Object(Config\Cache), false)
 5 FCPATH\index.php(79): CodeIgniter\CodeIgniter->run()
INFO - 2023-11-01 08:34:12 --> Session: Class initialized using 'CodeIgniter\Session\Handlers\FileHandler' driver.
CRITICAL - 2023-11-01 08:34:12 --> Undefined array key "categories_name"
in APPPATH\Controllers\Category.php on line 29.
 1 APPPATH\Controllers\Category.php(29): CodeIgniter\Debug\Exceptions->errorHandler(2, 'Undefined array key "categories_name"', 'C:\\xampp\\htdocs\\CI4\\app\\Controllers\\Category.php', 29)
 2 SYSTEMPATH\CodeIgniter.php(919): App\Controllers\Category->show('favicon.ico')
 3 SYSTEMPATH\CodeIgniter.php(494): CodeIgniter\CodeIgniter->runController(Object(App\Controllers\Category))
 4 SYSTEMPATH\CodeIgniter.php(353): CodeIgniter\CodeIgniter->handleRequest(null, Object(Config\Cache), false)
 5 FCPATH\index.php(79): CodeIgniter\CodeIgniter->run()
INFO - 2023-11-01 08:34:13 --> CSRF token verified.
CRITICAL - 2023-11-01 08:34:14 --> There is no data to insert.
in SYSTEMPATH\BaseModel.php on line 768.
 1 SYSTEMPATH\BaseModel.php(768): CodeIgniter\Database\Exceptions\DataException::forEmptyDataset('insert')
 2 SYSTEMPATH\Model.php(715): CodeIgniter\BaseModel->insert([], false)
 3 SYSTEMPATH\BaseModel.php(698): CodeIgniter\Model->insert([...], false)
 4 APPPATH\Controllers\Category.php(61): CodeIgniter\BaseModel->save([...])
 5 SYSTEMPATH\CodeIgniter.php(919): App\Controllers\Category->create()
 6 SYSTEMPATH\CodeIgniter.php(494): CodeIgniter\CodeIgniter->runController(Object(App\Controllers\Category))
 7 SYSTEMPATH\CodeIgniter.php(353): CodeIgniter\CodeIgniter->handleRequest(null, Object(Config\Cache), false)
 8 FCPATH\index.php(79): CodeIgniter\CodeIgniter->run()
INFO - 2023-11-01 08:35:08 --> CSRF token verified.
INFO - 2023-11-01 08:35:10 --> Session: Class initialized using 'CodeIgniter\Session\Handlers\FileHandler' driver.
CRITICAL - 2023-11-01 08:35:11 --> Undefined array key "categories_name"
in APPPATH\Controllers\Category.php on line 29.
 1 APPPATH\Controllers\Category.php(29): CodeIgniter\Debug\Exceptions->errorHandler(2, 'Undefined array key "categories_name"', 'C:\\xampp\\htdocs\\CI4\\app\\Controllers\\Category.php', 29)
 2 SYSTEMPATH\CodeIgniter.php(919): App\Controllers\Category->show('favicon.ico')
 3 SYSTEMPATH\CodeIgniter.php(494): CodeIgniter\CodeIgniter->runController(Object(App\Controllers\Category))
 4 SYSTEMPATH\CodeIgniter.php(353): CodeIgniter\CodeIgniter->handleRequest(null, Object(Config\Cache), false)
 5 FCPATH\index.php(79): CodeIgniter\CodeIgniter->run()
INFO - 2023-11-01 08:35:13 --> Session: Class initialized using 'CodeIgniter\Session\Handlers\FileHandler' driver.
CRITICAL - 2023-11-01 08:35:13 --> Undefined array key "categories_name"
in APPPATH\Controllers\Category.php on line 29.
 1 APPPATH\Controllers\Category.php(29): CodeIgniter\Debug\Exceptions->errorHandler(2, 'Undefined array key "categories_name"', 'C:\\xampp\\htdocs\\CI4\\app\\Controllers\\Category.php', 29)
 2 SYSTEMPATH\CodeIgniter.php(919): App\Controllers\Category->show('favicon.ico')
 3 SYSTEMPATH\CodeIgniter.php(494): CodeIgniter\CodeIgniter->runController(Object(App\Controllers\Category))
 4 SYSTEMPATH\CodeIgniter.php(353): CodeIgniter\CodeIgniter->handleRequest(null, Object(Config\Cache), false)
 5 FCPATH\index.php(79): CodeIgniter\CodeIgniter->run()
INFO - 2023-11-01 08:35:13 --> CSRF token verified.
INFO - 2023-11-01 08:35:36 --> Session: Class initialized using 'CodeIgniter\Session\Handlers\FileHandler' driver.
CRITICAL - 2023-11-01 08:35:36 --> Undefined array key "categories_name"
in APPPATH\Controllers\Category.php on line 29.
 1 APPPATH\Controllers\Category.php(29): CodeIgniter\Debug\Exceptions->errorHandler(2, 'Undefined array key "categories_name"', 'C:\\xampp\\htdocs\\CI4\\app\\Controllers\\Category.php', 29)
 2 SYSTEMPATH\CodeIgniter.php(919): App\Controllers\Category->show('favicon.ico')
 3 SYSTEMPATH\CodeIgniter.php(494): CodeIgniter\CodeIgniter->runController(Object(App\Controllers\Category))
 4 SYSTEMPATH\CodeIgniter.php(353): CodeIgniter\CodeIgniter->handleRequest(null, Object(Config\Cache), false)
 5 FCPATH\index.php(79): CodeIgniter\CodeIgniter->run()
INFO - 2023-11-01 08:35:47 --> Session: Class initialized using 'CodeIgniter\Session\Handlers\FileHandler' driver.
CRITICAL - 2023-11-01 08:35:48 --> Undefined array key "categories_name"
in APPPATH\Controllers\Category.php on line 29.
 1 APPPATH\Controllers\Category.php(29): CodeIgniter\Debug\Exceptions->errorHandler(2, 'Undefined array key "categories_name"', 'C:\\xampp\\htdocs\\CI4\\app\\Controllers\\Category.php', 29)
 2 SYSTEMPATH\CodeIgniter.php(919): App\Controllers\Category->show('favicon.ico')
 3 SYSTEMPATH\CodeIgniter.php(494): CodeIgniter\CodeIgniter->runController(Object(App\Controllers\Category))
 4 SYSTEMPATH\CodeIgniter.php(353): CodeIgniter\CodeIgniter->handleRequest(null, Object(Config\Cache), false)
 5 FCPATH\index.php(79): CodeIgniter\CodeIgniter->run()
INFO - 2023-11-01 08:35:49 --> CSRF token verified.
CRITICAL - 2023-11-01 09:41:58 --> Trying to access array offset on value of type null
in APPPATH\Controllers\News.php on line 29.
 1 APPPATH\Controllers\News.php(29): CodeIgniter\Debug\Exceptions->errorHandler(2, 'Trying to access array offset on value of type null', 'C:\\xampp\\htdocs\\CI4\\app\\Controllers\\News.php', 29)
 2 SYSTEMPATH\CodeIgniter.php(919): App\Controllers\News->show('favicon.ico')
 3 SYSTEMPATH\CodeIgniter.php(494): CodeIgniter\CodeIgniter->runController(Object(App\Controllers\News))
 4 SYSTEMPATH\CodeIgniter.php(353): CodeIgniter\CodeIgniter->handleRequest(null, Object(Config\Cache), false)
 5 FCPATH\index.php(79): CodeIgniter\CodeIgniter->run()
INFO - 2023-11-01 09:51:24 --> CSRF token verified.
CRITICAL - 2023-11-01 09:51:24 --> Deletes are not allowed unless they contain a "where" or "like" clause.
in SYSTEMPATH\Database\BaseBuilder.php on line 2766.
 1 SYSTEMPATH\Model.php(445): CodeIgniter\Database\BaseBuilder->delete()
 2 SYSTEMPATH\BaseModel.php(1080): CodeIgniter\Model->doDelete(null, false)
 3 APPPATH\Controllers\Category.php(115): CodeIgniter\BaseModel->delete()
 4 SYSTEMPATH\CodeIgniter.php(919): App\Controllers\Category->delete('Religious')
 5 SYSTEMPATH\CodeIgniter.php(494): CodeIgniter\CodeIgniter->runController(Object(App\Controllers\Category))
 6 SYSTEMPATH\CodeIgniter.php(353): CodeIgniter\CodeIgniter->handleRequest(null, Object(Config\Cache), false)
 7 FCPATH\index.php(79): CodeIgniter\CodeIgniter->run()
INFO - 2023-11-01 09:56:40 --> CSRF token verified.
ERROR - 2023-11-01 09:56:40 --> mysqli_sql_exception: Unknown column 'id' in 'where clause' in C:\xampp\htdocs\CI4\system\Database\MySQLi\Connection.php:306
Stack trace:
#0 C:\xampp\htdocs\CI4\system\Database\MySQLi\Connection.php(306): mysqli->query('DELETE FROM `ca...', 0)
#1 C:\xampp\htdocs\CI4\system\Database\BaseConnection.php(692): CodeIgniter\Database\MySQLi\Connection->execute('DELETE FROM `ca...')
#2 C:\xampp\htdocs\CI4\system\Database\BaseConnection.php(606): CodeIgniter\Database\BaseConnection->simpleQuery('DELETE FROM `ca...')
#3 C:\xampp\htdocs\CI4\system\Database\BaseBuilder.php(2790): CodeIgniter\Database\BaseConnection->query('DELETE FROM `ca...', Array, false)
#4 C:\xampp\htdocs\CI4\system\Model.php(445): CodeIgniter\Database\BaseBuilder->delete()
#5 C:\xampp\htdocs\CI4\system\BaseModel.php(1080): CodeIgniter\Model->doDelete(Array, false)
#6 C:\xampp\htdocs\CI4\app\Controllers\Category.php(115): CodeIgniter\BaseModel->delete(Array)
#7 C:\xampp\htdocs\CI4\system\CodeIgniter.php(919): App\Controllers\Category->delete('Religious')
#8 C:\xampp\htdocs\CI4\system\CodeIgniter.php(494): CodeIgniter\CodeIgniter->runController(Object(App\Controllers\Category))
#9 C:\xampp\htdocs\CI4\system\CodeIgniter.php(353): CodeIgniter\CodeIgniter->handleRequest(NULL, Object(Config\Cache), false)
#10 C:\xampp\htdocs\CI4\public\index.php(79): CodeIgniter\CodeIgniter->run()
#11 {main}
CRITICAL - 2023-11-01 09:56:40 --> Unknown column 'id' in 'where clause'
in SYSTEMPATH\Database\BaseConnection.php on line 646.
 1 SYSTEMPATH\Database\BaseBuilder.php(2790): CodeIgniter\Database\BaseConnection->query('DELETE FROM `category`
WHERE `id` IN :id:', [...], false)
 2 SYSTEMPATH\Model.php(445): CodeIgniter\Database\BaseBuilder->delete()
 3 SYSTEMPATH\BaseModel.php(1080): CodeIgniter\Model->doDelete([...], false)
 4 APPPATH\Controllers\Category.php(115): CodeIgniter\BaseModel->delete([...])
 5 SYSTEMPATH\CodeIgniter.php(919): App\Controllers\Category->delete('Religious')
 6 SYSTEMPATH\CodeIgniter.php(494): CodeIgniter\CodeIgniter->runController(Object(App\Controllers\Category))
 7 SYSTEMPATH\CodeIgniter.php(353): CodeIgniter\CodeIgniter->handleRequest(null, Object(Config\Cache), false)
 8 FCPATH\index.php(79): CodeIgniter\CodeIgniter->run()
INFO - 2023-11-01 09:57:05 --> CSRF token verified.
ERROR - 2023-11-01 09:57:05 --> mysqli_sql_exception: Unknown column 'id' in 'where clause' in C:\xampp\htdocs\CI4\system\Database\MySQLi\Connection.php:306
Stack trace:
#0 C:\xampp\htdocs\CI4\system\Database\MySQLi\Connection.php(306): mysqli->query('DELETE FROM `ca...', 0)
#1 C:\xampp\htdocs\CI4\system\Database\BaseConnection.php(692): CodeIgniter\Database\MySQLi\Connection->execute('DELETE FROM `ca...')
#2 C:\xampp\htdocs\CI4\system\Database\BaseConnection.php(606): CodeIgniter\Database\BaseConnection->simpleQuery('DELETE FROM `ca...')
#3 C:\xampp\htdocs\CI4\system\Database\BaseBuilder.php(2790): CodeIgniter\Database\BaseConnection->query('DELETE FROM `ca...', Array, false)
#4 C:\xampp\htdocs\CI4\system\Model.php(445): CodeIgniter\Database\BaseBuilder->delete()
#5 C:\xampp\htdocs\CI4\system\BaseModel.php(1080): CodeIgniter\Model->doDelete(Array, false)
#6 C:\xampp\htdocs\CI4\app\Controllers\Category.php(115): CodeIgniter\BaseModel->delete(Array)
#7 C:\xampp\htdocs\CI4\system\CodeIgniter.php(919): App\Controllers\Category->delete('Religious')
#8 C:\xampp\htdocs\CI4\system\CodeIgniter.php(494): CodeIgniter\CodeIgniter->runController(Object(App\Controllers\Category))
#9 C:\xampp\htdocs\CI4\system\CodeIgniter.php(353): CodeIgniter\CodeIgniter->handleRequest(NULL, Object(Config\Cache), false)
#10 C:\xampp\htdocs\CI4\public\index.php(79): CodeIgniter\CodeIgniter->run()
#11 {main}
CRITICAL - 2023-11-01 09:57:05 --> Unknown column 'id' in 'where clause'
in SYSTEMPATH\Database\BaseConnection.php on line 646.
 1 SYSTEMPATH\Database\BaseBuilder.php(2790): CodeIgniter\Database\BaseConnection->query('DELETE FROM `category`
WHERE `id` IN :id:', [...], false)
 2 SYSTEMPATH\Model.php(445): CodeIgniter\Database\BaseBuilder->delete()
 3 SYSTEMPATH\BaseModel.php(1080): CodeIgniter\Model->doDelete([...], false)
 4 APPPATH\Controllers\Category.php(115): CodeIgniter\BaseModel->delete([...])
 5 SYSTEMPATH\CodeIgniter.php(919): App\Controllers\Category->delete('Religious')
 6 SYSTEMPATH\CodeIgniter.php(494): CodeIgniter\CodeIgniter->runController(Object(App\Controllers\Category))
 7 SYSTEMPATH\CodeIgniter.php(353): CodeIgniter\CodeIgniter->handleRequest(null, Object(Config\Cache), false)
 8 FCPATH\index.php(79): CodeIgniter\CodeIgniter->run()
INFO - 2023-11-01 09:57:13 --> CSRF token verified.
ERROR - 2023-11-01 09:57:13 --> mysqli_sql_exception: Unknown column 'id' in 'where clause' in C:\xampp\htdocs\CI4\system\Database\MySQLi\Connection.php:306
Stack trace:
#0 C:\xampp\htdocs\CI4\system\Database\MySQLi\Connection.php(306): mysqli->query('DELETE FROM `ca...', 0)
#1 C:\xampp\htdocs\CI4\system\Database\BaseConnection.php(692): CodeIgniter\Database\MySQLi\Connection->execute('DELETE FROM `ca...')
#2 C:\xampp\htdocs\CI4\system\Database\BaseConnection.php(606): CodeIgniter\Database\BaseConnection->simpleQuery('DELETE FROM `ca...')
#3 C:\xampp\htdocs\CI4\system\Database\BaseBuilder.php(2790): CodeIgniter\Database\BaseConnection->query('DELETE FROM `ca...', Array, false)
#4 C:\xampp\htdocs\CI4\system\Model.php(445): CodeIgniter\Database\BaseBuilder->delete()
#5 C:\xampp\htdocs\CI4\system\BaseModel.php(1080): CodeIgniter\Model->doDelete(Array, false)
#6 C:\xampp\htdocs\CI4\app\Controllers\Category.php(115): CodeIgniter\BaseModel->delete(Array)
#7 C:\xampp\htdocs\CI4\system\CodeIgniter.php(919): App\Controllers\Category->delete('Religious')
#8 C:\xampp\htdocs\CI4\system\CodeIgniter.php(494): CodeIgniter\CodeIgniter->runController(Object(App\Controllers\Category))
#9 C:\xampp\htdocs\CI4\system\CodeIgniter.php(353): CodeIgniter\CodeIgniter->handleRequest(NULL, Object(Config\Cache), false)
#10 C:\xampp\htdocs\CI4\public\index.php(79): CodeIgniter\CodeIgniter->run()
#11 {main}
CRITICAL - 2023-11-01 09:57:13 --> Unknown column 'id' in 'where clause'
in SYSTEMPATH\Database\BaseConnection.php on line 646.
 1 SYSTEMPATH\Database\BaseBuilder.php(2790): CodeIgniter\Database\BaseConnection->query('DELETE FROM `category`
WHERE `id` IN :id:', [...], false)
 2 SYSTEMPATH\Model.php(445): CodeIgniter\Database\BaseBuilder->delete()
 3 SYSTEMPATH\BaseModel.php(1080): CodeIgniter\Model->doDelete([...], false)
 4 APPPATH\Controllers\Category.php(115): CodeIgniter\BaseModel->delete([...])
 5 SYSTEMPATH\CodeIgniter.php(919): App\Controllers\Category->delete('Religious')
 6 SYSTEMPATH\CodeIgniter.php(494): CodeIgniter\CodeIgniter->runController(Object(App\Controllers\Category))
 7 SYSTEMPATH\CodeIgniter.php(353): CodeIgniter\CodeIgniter->handleRequest(null, Object(Config\Cache), false)
 8 FCPATH\index.php(79): CodeIgniter\CodeIgniter->run()
INFO - 2023-11-01 09:59:53 --> CSRF token verified.
CRITICAL - 2023-11-01 10:00:23 --> The action you requested is not allowed.
in SYSTEMPATH\Security\Security.php on line 298.
 1 SYSTEMPATH\Security\Security.php(298): CodeIgniter\Security\Exceptions\SecurityException::forDisallowedAction()
 2 SYSTEMPATH\Filters\CSRF.php(55): CodeIgniter\Security\Security->verify(Object(CodeIgniter\HTTP\IncomingRequest))
 3 SYSTEMPATH\Filters\Filters.php(182): CodeIgniter\Filters\CSRF->before(Object(CodeIgniter\HTTP\IncomingRequest), null)
 4 SYSTEMPATH\CodeIgniter.php(466): CodeIgniter\Filters\Filters->run('catedel/Religious', 'before')
 5 SYSTEMPATH\CodeIgniter.php(353): CodeIgniter\CodeIgniter->handleRequest(null, Object(Config\Cache), false)
 6 FCPATH\index.php(79): CodeIgniter\CodeIgniter->run()
CRITICAL - 2023-11-01 10:00:30 --> The action you requested is not allowed.
in SYSTEMPATH\Security\Security.php on line 298.
 1 SYSTEMPATH\Security\Security.php(298): CodeIgniter\Security\Exceptions\SecurityException::forDisallowedAction()
 2 SYSTEMPATH\Filters\CSRF.php(55): CodeIgniter\Security\Security->verify(Object(CodeIgniter\HTTP\IncomingRequest))
 3 SYSTEMPATH\Filters\Filters.php(182): CodeIgniter\Filters\CSRF->before(Object(CodeIgniter\HTTP\IncomingRequest), null)
 4 SYSTEMPATH\CodeIgniter.php(466): CodeIgniter\Filters\Filters->run('catedel/Religious', 'before')
 5 SYSTEMPATH\CodeIgniter.php(353): CodeIgniter\CodeIgniter->handleRequest(null, Object(Config\Cache), false)
 6 FCPATH\index.php(79): CodeIgniter\CodeIgniter->run()
INFO - 2023-11-01 10:00:34 --> CSRF token verified.
ERROR - 2023-11-01 10:00:34 --> mysqli_sql_exception: Unknown column 'id' in 'where clause' in C:\xampp\htdocs\CI4\system\Database\MySQLi\Connection.php:306
Stack trace:
#0 C:\xampp\htdocs\CI4\system\Database\MySQLi\Connection.php(306): mysqli->query('DELETE FROM `ca...', 0)
#1 C:\xampp\htdocs\CI4\system\Database\BaseConnection.php(692): CodeIgniter\Database\MySQLi\Connection->execute('DELETE FROM `ca...')
#2 C:\xampp\htdocs\CI4\system\Database\BaseConnection.php(606): CodeIgniter\Database\BaseConnection->simpleQuery('DELETE FROM `ca...')
#3 C:\xampp\htdocs\CI4\system\Database\BaseBuilder.php(2790): CodeIgniter\Database\BaseConnection->query('DELETE FROM `ca...', Array, false)
#4 C:\xampp\htdocs\CI4\system\Model.php(445): CodeIgniter\Database\BaseBuilder->delete()
#5 C:\xampp\htdocs\CI4\system\BaseModel.php(1080): CodeIgniter\Model->doDelete(Array, false)
#6 C:\xampp\htdocs\CI4\app\Controllers\Category.php(115): CodeIgniter\BaseModel->delete(Array)
#7 C:\xampp\htdocs\CI4\system\CodeIgniter.php(919): App\Controllers\Category->delete('asdad')
#8 C:\xampp\htdocs\CI4\system\CodeIgniter.php(494): CodeIgniter\CodeIgniter->runController(Object(App\Controllers\Category))
#9 C:\xampp\htdocs\CI4\system\CodeIgniter.php(353): CodeIgniter\CodeIgniter->handleRequest(NULL, Object(Config\Cache), false)
#10 C:\xampp\htdocs\CI4\public\index.php(79): CodeIgniter\CodeIgniter->run()
#11 {main}
CRITICAL - 2023-11-01 10:00:34 --> Unknown column 'id' in 'where clause'
in SYSTEMPATH\Database\BaseConnection.php on line 646.
 1 SYSTEMPATH\Database\BaseBuilder.php(2790): CodeIgniter\Database\BaseConnection->query('DELETE FROM `category`
WHERE `id` IN :id:', [...], false)
 2 SYSTEMPATH\Model.php(445): CodeIgniter\Database\BaseBuilder->delete()
 3 SYSTEMPATH\BaseModel.php(1080): CodeIgniter\Model->doDelete([...], false)
 4 APPPATH\Controllers\Category.php(115): CodeIgniter\BaseModel->delete([...])
 5 SYSTEMPATH\CodeIgniter.php(919): App\Controllers\Category->delete('asdad')
 6 SYSTEMPATH\CodeIgniter.php(494): CodeIgniter\CodeIgniter->runController(Object(App\Controllers\Category))
 7 SYSTEMPATH\CodeIgniter.php(353): CodeIgniter\CodeIgniter->handleRequest(null, Object(Config\Cache), false)
 8 FCPATH\index.php(79): CodeIgniter\CodeIgniter->run()
CRITICAL - 2023-11-01 10:02:44 --> Undefined array key "id"
in APPPATH\Views\cate\index.php on line 96.
 1 APPPATH\Views\cate\index.php(96): CodeIgniter\Debug\Exceptions->errorHandler(2, 'Undefined array key "id"', 'C:\\xampp\\htdocs\\CI4\\app\\Views\\cate\\index.php', 96)
 2 SYSTEMPATH\View\View.php(226): include('C:\\xampp\\htdocs\\CI4\\app\\Views\\cate\\index.php')
 3 SYSTEMPATH\View\View.php(229): CodeIgniter\View\View->CodeIgniter\View\{closure}()
 4 SYSTEMPATH\Common.php(1188): CodeIgniter\View\View->render('cate/index', [], true)
 5 APPPATH\Controllers\Category.php(20): view('cate/index')
 6 SYSTEMPATH\CodeIgniter.php(919): App\Controllers\Category->index()
 7 SYSTEMPATH\CodeIgniter.php(494): CodeIgniter\CodeIgniter->runController(Object(App\Controllers\Category))
 8 SYSTEMPATH\CodeIgniter.php(353): CodeIgniter\CodeIgniter->handleRequest(null, Object(Config\Cache), false)
 9 FCPATH\index.php(79): CodeIgniter\CodeIgniter->run()
CRITICAL - 2023-11-01 10:06:49 --> Undefined array key "id"
in APPPATH\Views\cate\index.php on line 96.
 1 APPPATH\Views\cate\index.php(96): CodeIgniter\Debug\Exceptions->errorHandler(2, 'Undefined array key "id"', 'C:\\xampp\\htdocs\\CI4\\app\\Views\\cate\\index.php', 96)
 2 SYSTEMPATH\View\View.php(226): include('C:\\xampp\\htdocs\\CI4\\app\\Views\\cate\\index.php')
 3 SYSTEMPATH\View\View.php(229): CodeIgniter\View\View->CodeIgniter\View\{closure}()
 4 SYSTEMPATH\Common.php(1188): CodeIgniter\View\View->render('cate/index', [], true)
 5 APPPATH\Controllers\Category.php(20): view('cate/index')
 6 SYSTEMPATH\CodeIgniter.php(919): App\Controllers\Category->index()
 7 SYSTEMPATH\CodeIgniter.php(494): CodeIgniter\CodeIgniter->runController(Object(App\Controllers\Category))
 8 SYSTEMPATH\CodeIgniter.php(353): CodeIgniter\CodeIgniter->handleRequest(null, Object(Config\Cache), false)
 9 FCPATH\index.php(79): CodeIgniter\CodeIgniter->run()
INFO - 2023-11-01 10:07:10 --> CSRF token verified.
ERROR - 2023-11-01 10:07:10 --> mysqli_sql_exception: Unknown column 'id' in 'where clause' in C:\xampp\htdocs\CI4\system\Database\MySQLi\Connection.php:306
Stack trace:
#0 C:\xampp\htdocs\CI4\system\Database\MySQLi\Connection.php(306): mysqli->query('SELECT *\nFROM `...', 0)
#1 C:\xampp\htdocs\CI4\system\Database\BaseConnection.php(692): CodeIgniter\Database\MySQLi\Connection->execute('SELECT *\nFROM `...')
#2 C:\xampp\htdocs\CI4\system\Database\BaseConnection.php(606): CodeIgniter\Database\BaseConnection->simpleQuery('SELECT *\nFROM `...')
#3 C:\xampp\htdocs\CI4\system\Database\BaseBuilder.php(1615): CodeIgniter\Database\BaseConnection->query('SELECT *\nFROM `...', Array, false)
#4 C:\xampp\htdocs\CI4\system\Model.php(264): CodeIgniter\Database\BaseBuilder->get()
#5 C:\xampp\htdocs\CI4\system\BaseModel.php(662): CodeIgniter\Model->doFirst()
#6 C:\xampp\htdocs\CI4\app\Models\CateModel.php(17): CodeIgniter\BaseModel->first()
#7 C:\xampp\htdocs\CI4\app\Controllers\Category.php(112): App\Models\CateModel->getCategories('Religious')
#8 C:\xampp\htdocs\CI4\system\CodeIgniter.php(919): App\Controllers\Category->delete('Religious')
#9 C:\xampp\htdocs\CI4\system\CodeIgniter.php(494): CodeIgniter\CodeIgniter->runController(Object(App\Controllers\Category))
#10 C:\xampp\htdocs\CI4\system\CodeIgniter.php(353): CodeIgniter\CodeIgniter->handleRequest(NULL, Object(Config\Cache), false)
#11 C:\xampp\htdocs\CI4\public\index.php(79): CodeIgniter\CodeIgniter->run()
#12 {main}
CRITICAL - 2023-11-01 10:07:10 --> Unknown column 'id' in 'where clause'
in SYSTEMPATH\Database\BaseConnection.php on line 646.
 1 SYSTEMPATH\Database\BaseBuilder.php(1615): CodeIgniter\Database\BaseConnection->query('SELECT *
FROM `category`
WHERE `id` = :id:
 LIMIT 1', [...], false)
 2 SYSTEMPATH\Model.php(264): CodeIgniter\Database\BaseBuilder->get()
 3 SYSTEMPATH\BaseModel.php(662): CodeIgniter\Model->doFirst()
 4 APPPATH\Models\CateModel.php(17): CodeIgniter\BaseModel->first()
 5 APPPATH\Controllers\Category.php(112): App\Models\CateModel->getCategories('Religious')
 6 SYSTEMPATH\CodeIgniter.php(919): App\Controllers\Category->delete('Religious')
 7 SYSTEMPATH\CodeIgniter.php(494): CodeIgniter\CodeIgniter->runController(Object(App\Controllers\Category))
 8 SYSTEMPATH\CodeIgniter.php(353): CodeIgniter\CodeIgniter->handleRequest(null, Object(Config\Cache), false)
 9 FCPATH\index.php(79): CodeIgniter\CodeIgniter->run()
